Using pre-set license
Built from '2020.2/release' branch; Version is '2020.2.1f1 (270dd8c3da1c) revision 2559448'; Using compiler version '192528614'; Build Type 'Release'
OS: 'Windows 10  (10.0.0) 64bit' Language: 'en' Physical Memory: 16318 MB
BatchMode: 1, IsHumanControllingUs: 0, StartBugReporterOnCrash: 0, Is64bit: 1, IsPro: 0

 COMMAND LINE ARGUMENTS:
C:\Program Files\Unity\Hub\Editor\2020.2.1f1\Editor\Unity.exe
-adb2
-batchMode
-noUpm
-name
AssetImportWorker0
-projectPath
C:/Users/Kevin Yu/source/repos/self_driving_car_simulator
-logFile
Logs/AssetImportWorker0.log
-srvPort
50116
Successfully changed project path to: C:/Users/Kevin Yu/source/repos/self_driving_car_simulator
C:/Users/Kevin Yu/source/repos/self_driving_car_simulator
Using Asset Import Pipeline V2.
Refreshing native plugins compatible for Editor in 119.32 ms, found 1 plugins.
Preloading 0 native plugins for Editor in 0.00 ms.
Initialize engine version: 2020.2.1f1 (270dd8c3da1c)
[Subsystems] Discovering subsystems at path C:/Program Files/Unity/Hub/Editor/2020.2.1f1/Editor/Data/Resources/UnitySubsystems
[Subsystems] Discovering subsystems at path C:/Users/Kevin Yu/source/repos/self_driving_car_simulator/Assets
GfxDevice: creating device client; threaded=0
Direct3D:
    Version:  Direct3D 11.0 [level 11.1]
    Renderer: NVIDIA GeForce RTX 2060 SUPER (ID=0x1f06)
    Vendor:   
    VRAM:     8031 MB
    Driver:   27.21.14.6140
Initialize mono
Mono path[0] = 'C:/Program Files/Unity/Hub/Editor/2020.2.1f1/Editor/Data/Managed'
Mono path[1] = 'C:/Program Files/Unity/Hub/Editor/2020.2.1f1/Editor/Data/MonoBleedingEdge/lib/mono/unityjit'
Mono config path = 'C:/Program Files/Unity/Hub/Editor/2020.2.1f1/Editor/Data/MonoBleedingEdge/etc'
Using monoOptions --debugger-agent=transport=dt_socket,embedding=1,server=y,suspend=n,address=127.0.0.1:56452
Begin MonoManager ReloadAssembly
Registering precompiled unity dll's ...
Register platform support module: C:/Program Files/Unity/Hub/Editor/2020.2.1f1/Editor/Data/PlaybackEngines/WindowsStandaloneSupport/UnityEditor.WindowsStandalone.Extensions.dll
Registered in 0.001119 seconds.
Native extension for WindowsStandalone target not found
Refreshing native plugins compatible for Editor in 24.24 ms, found 1 plugins.
Preloading 0 native plugins for Editor in 0.00 ms.
Invoked RoslynAnalysisRunner static constructor.
RoslynAnalysisRunner will not be running.
RoslynAnalysisRunner has terminated.
Mono: successfully reloaded assembly
- Completed reload, in  0.832 seconds
Platform modules already initialized, skipping
Registering precompiled user dll's ...
Registered in 0.002603 seconds.
Begin MonoManager ReloadAssembly
Native extension for WindowsStandalone target not found
Refreshing native plugins compatible for Editor in 20.97 ms, found 1 plugins.
Preloading 0 native plugins for Editor in 0.00 ms.
Invoked RoslynAnalysisRunner static constructor.
RoslynAnalysisRunner will not be running.
RoslynAnalysisRunner has terminated.
Mono: successfully reloaded assembly
- Completed reload, in  1.141 seconds
Platform modules already initialized, skipping
========================================================================
Worker process is ready to serve import requests
Launched and connected shader compiler UnityShaderCompiler.exe after 0.02 seconds
Refreshing native plugins compatible for Editor in 0.31 ms, found 1 plugins.
Preloading 0 native plugins for Editor in 0.00 ms.
Unloading 1532 Unused Serialized files (Serialized files now loaded: 0)
System memory in use before: 77.0 MB.
System memory in use after: 77.0 MB.

Unloading 22 unused Assets to reduce memory usage. Loaded Objects now: 1961.
Total: 3.621100 ms (FindLiveObjects: 0.708000 ms CreateObjectMapping: 0.240400 ms MarkObjects: 2.633800 ms  DeleteObjects: 0.037400 ms)

========================================================================
Received Import Request.
  path: ProjectSettings/TagManager.asset
  artifactKey: Guid(00000000000000003000000000000000) Importer(815301076,1909f56bfc062723c751e8b465ee728b)
Start importing ProjectSettings/TagManager.asset using Guid(00000000000000003000000000000000) Importer(815301076,1909f56bfc062723c751e8b465ee728b)  -> (artifact id: '9611292b8e3e4279bc38be6f254b851b') in 0.070844 seconds
  Import took 0.072886 seconds .

========================================================================
Received Import Request.
  Time since last request: 31.871873 seconds.
  path: Assets/Prefabs/CarPrefab.prefab
  artifactKey: Guid(20c7f04929221b946a1bf2d707af0a2e) Importer(815301076,1909f56bfc062723c751e8b465ee728b)
Start importing Assets/Prefabs/CarPrefab.prefab using Guid(20c7f04929221b946a1bf2d707af0a2e) Importer(815301076,1909f56bfc062723c751e8b465ee728b)  -> (artifact id: 'dc9e61a6c41932cd0ee166fdb69cf3a5') in 0.068861 seconds
  Import took 0.071235 seconds .

========================================================================
Received Import Request.
  Time since last request: 0.000163 seconds.
  path: Assets/Prefabs/TrainingInstance2.prefab
  artifactKey: Guid(5770dfe5d5306d84199d4e2ce8918a85) Importer(815301076,1909f56bfc062723c751e8b465ee728b)
Start importing Assets/Prefabs/TrainingInstance2.prefab using Guid(5770dfe5d5306d84199d4e2ce8918a85) Importer(815301076,1909f56bfc062723c751e8b465ee728b)  -> (artifact id: '71dde0a463cd6baac55fb35062e45791') in 0.030854 seconds
  Import took 0.034091 seconds .

========================================================================
Received Import Request.
  Time since last request: 0.000295 seconds.
  path: Assets/Prefabs/TrainingInstance.prefab
  artifactKey: Guid(5db4b03ec24b81c4dbbb259c033dd448) Importer(815301076,1909f56bfc062723c751e8b465ee728b)
Start importing Assets/Prefabs/TrainingInstance.prefab using Guid(5db4b03ec24b81c4dbbb259c033dd448) Importer(815301076,1909f56bfc062723c751e8b465ee728b)  -> (artifact id: '9f3c797a4ca5267b70fda415b98ce6bf') in 0.022998 seconds
  Import took 0.025085 seconds .

========================================================================
Received Import Request.
  Time since last request: 145.028760 seconds.
  path: Assets/Scenes/CarTest2.unity
  artifactKey: Guid(6bab8b953732ad24890b88ea62977a5c) Importer(815301076,1909f56bfc062723c751e8b465ee728b)
Start importing Assets/Scenes/CarTest2.unity using Guid(6bab8b953732ad24890b88ea62977a5c) Importer(815301076,1909f56bfc062723c751e8b465ee728b)  -> (artifact id: '3b4dbcd8b81347f6f9c751280fe87ce7') in 0.006058 seconds
  Import took 0.011134 seconds .

========================================================================
Received Prepare
Registering precompiled user dll's ...
Registered in 0.002253 seconds.
Begin MonoManager ReloadAssembly
Native extension for WindowsStandalone target not found
Refreshing native plugins compatible for Editor in 0.36 ms, found 1 plugins.
Preloading 0 native plugins for Editor in 0.00 ms.
Invoked RoslynAnalysisRunner static constructor.
RoslynAnalysisRunner will not be running.
RoslynAnalysisRunner has terminated.
Mono: successfully reloaded assembly
- Completed reload, in  0.740 seconds
Platform modules already initialized, skipping
Refreshing native plugins compatible for Editor in 0.27 ms, found 1 plugins.
Preloading 0 native plugins for Editor in 0.00 ms.
Unloading 1526 Unused Serialized files (Serialized files now loaded: 0)
System memory in use before: 80.6 MB.
System memory in use after: 80.7 MB.

Unloading 18 unused Assets to reduce memory usage. Loaded Objects now: 1972.
Total: 1.706300 ms (FindLiveObjects: 0.151900 ms CreateObjectMapping: 0.050700 ms MarkObjects: 1.480900 ms  DeleteObjects: 0.021800 ms)

========================================================================
Received Prepare
Registering precompiled user dll's ...
Registered in 0.002220 seconds.
Begin MonoManager ReloadAssembly
Native extension for WindowsStandalone target not found
Refreshing native plugins compatible for Editor in 0.34 ms, found 1 plugins.
Preloading 0 native plugins for Editor in 0.00 ms.
Invoked RoslynAnalysisRunner static constructor.
RoslynAnalysisRunner will not be running.
RoslynAnalysisRunner has terminated.
Mono: successfully reloaded assembly
- Completed reload, in  0.995 seconds
Platform modules already initialized, skipping
Refreshing native plugins compatible for Editor in 0.34 ms, found 1 plugins.
Preloading 0 native plugins for Editor in 0.00 ms.
Unloading 1526 Unused Serialized files (Serialized files now loaded: 0)
System memory in use before: 80.8 MB.
System memory in use after: 80.9 MB.

Unloading 17 unused Assets to reduce memory usage. Loaded Objects now: 1974.
Total: 1.827700 ms (FindLiveObjects: 0.226000 ms CreateObjectMapping: 0.073700 ms MarkObjects: 1.505000 ms  DeleteObjects: 0.021400 ms)

========================================================================
Received Import Request.
  Time since last request: 377.555202 seconds.
  path: Assets/Scripts/CarAgent.cs
  artifactKey: Guid(b9b7f167dc8a62645bd44e7fc0fe9a3b) Importer(815301076,1909f56bfc062723c751e8b465ee728b)
Start importing Assets/Scripts/CarAgent.cs using Guid(b9b7f167dc8a62645bd44e7fc0fe9a3b) Importer(815301076,1909f56bfc062723c751e8b465ee728b)  -> (artifact id: '6c0b7360af746f5401ad7d5838a6c2b3') in 0.008759 seconds
  Import took 0.010611 seconds .

========================================================================
Received Import Request.
  Time since last request: 0.015146 seconds.
  path: Assets/Scripts/CarAgent.cs
  artifactKey: Guid(b9b7f167dc8a62645bd44e7fc0fe9a3b) Importer(815301076,1909f56bfc062723c751e8b465ee728b)
Start importing Assets/Scripts/CarAgent.cs using Guid(b9b7f167dc8a62645bd44e7fc0fe9a3b) Importer(815301076,1909f56bfc062723c751e8b465ee728b)  -> (artifact id: '6c0b7360af746f5401ad7d5838a6c2b3') in 0.002263 seconds
  Import took 0.004383 seconds .

========================================================================
Received Prepare
Registering precompiled user dll's ...
Registered in 0.003233 seconds.
Begin MonoManager ReloadAssembly
Native extension for WindowsStandalone target not found
Refreshing native plugins compatible for Editor in 0.26 ms, found 1 plugins.
Preloading 0 native plugins for Editor in 0.00 ms.
Invoked RoslynAnalysisRunner static constructor.
RoslynAnalysisRunner will not be running.
RoslynAnalysisRunner has terminated.
Mono: successfully reloaded assembly
- Completed reload, in  0.645 seconds
Platform modules already initialized, skipping
Refreshing native plugins compatible for Editor in 0.27 ms, found 1 plugins.
Preloading 0 native plugins for Editor in 0.00 ms.
Unloading 1526 Unused Serialized files (Serialized files now loaded: 0)
System memory in use before: 81.0 MB.
System memory in use after: 81.1 MB.

Unloading 17 unused Assets to reduce memory usage. Loaded Objects now: 1976.
Total: 1.299600 ms (FindLiveObjects: 0.124600 ms CreateObjectMapping: 0.037700 ms MarkObjects: 1.118300 ms  DeleteObjects: 0.017600 ms)

========================================================================
Received Import Request.
  Time since last request: 1192.743602 seconds.
  path: Assets/Scenes/CarTrain2.unity
  artifactKey: Guid(18037240530c3d747a3744a8cde358cd) Importer(815301076,1909f56bfc062723c751e8b465ee728b)
Start importing Assets/Scenes/CarTrain2.unity using Guid(18037240530c3d747a3744a8cde358cd) Importer(815301076,1909f56bfc062723c751e8b465ee728b)  -> (artifact id: '3486a32c348867dcec26a4b827145f00') in 0.011571 seconds
  Import took 0.013723 seconds .

========================================================================
Received Prepare
Registering precompiled user dll's ...
Registered in 0.002288 seconds.
Begin MonoManager ReloadAssembly
Native extension for WindowsStandalone target not found
Refreshing native plugins compatible for Editor in 0.26 ms, found 1 plugins.
Preloading 0 native plugins for Editor in 0.00 ms.
Invoked RoslynAnalysisRunner static constructor.
RoslynAnalysisRunner will not be running.
RoslynAnalysisRunner has terminated.
Mono: successfully reloaded assembly
- Completed reload, in  0.625 seconds
Platform modules already initialized, skipping
Refreshing native plugins compatible for Editor in 0.25 ms, found 1 plugins.
Preloading 0 native plugins for Editor in 0.00 ms.
Unloading 1526 Unused Serialized files (Serialized files now loaded: 0)
System memory in use before: 81.1 MB.
System memory in use after: 81.3 MB.

Unloading 17 unused Assets to reduce memory usage. Loaded Objects now: 1978.
Total: 1.455200 ms (FindLiveObjects: 0.185500 ms CreateObjectMapping: 0.057200 ms MarkObjects: 1.196400 ms  DeleteObjects: 0.014200 ms)

========================================================================
Received Prepare
Registering precompiled user dll's ...
Registered in 0.002187 seconds.
Begin MonoManager ReloadAssembly
Native extension for WindowsStandalone target not found
Refreshing native plugins compatible for Editor in 0.25 ms, found 1 plugins.
Preloading 0 native plugins for Editor in 0.00 ms.
Invoked RoslynAnalysisRunner static constructor.
RoslynAnalysisRunner will not be running.
RoslynAnalysisRunner has terminated.
Mono: successfully reloaded assembly
- Completed reload, in  0.595 seconds
Platform modules already initialized, skipping
Refreshing native plugins compatible for Editor in 0.25 ms, found 1 plugins.
Preloading 0 native plugins for Editor in 0.00 ms.
Unloading 1526 Unused Serialized files (Serialized files now loaded: 0)
System memory in use before: 81.3 MB.
System memory in use after: 81.4 MB.

Unloading 17 unused Assets to reduce memory usage. Loaded Objects now: 1980.
Total: 1.301600 ms (FindLiveObjects: 0.135200 ms CreateObjectMapping: 0.041500 ms MarkObjects: 1.109800 ms  DeleteObjects: 0.013700 ms)

========================================================================
Received Import Request.
  Time since last request: 496.776047 seconds.
  path: Assets/Scripts/CarAgent.cs
  artifactKey: Guid(b9b7f167dc8a62645bd44e7fc0fe9a3b) Importer(815301076,1909f56bfc062723c751e8b465ee728b)
Start importing Assets/Scripts/CarAgent.cs using Guid(b9b7f167dc8a62645bd44e7fc0fe9a3b) Importer(815301076,1909f56bfc062723c751e8b465ee728b)  -> (artifact id: 'a8c7e992137a7c87962867b490cafc32') in 0.003535 seconds
  Import took 0.005367 seconds .

========================================================================
Received Prepare
Registering precompiled user dll's ...
Registered in 0.002374 seconds.
Begin MonoManager ReloadAssembly
Native extension for WindowsStandalone target not found
Refreshing native plugins compatible for Editor in 0.25 ms, found 1 plugins.
Preloading 0 native plugins for Editor in 0.00 ms.
Invoked RoslynAnalysisRunner static constructor.
RoslynAnalysisRunner will not be running.
RoslynAnalysisRunner has terminated.
Mono: successfully reloaded assembly
- Completed reload, in  0.634 seconds
Platform modules already initialized, skipping
Refreshing native plugins compatible for Editor in 0.26 ms, found 1 plugins.
Preloading 0 native plugins for Editor in 0.00 ms.
Unloading 1526 Unused Serialized files (Serialized files now loaded: 0)
System memory in use before: 81.5 MB.
System memory in use after: 81.6 MB.

Unloading 17 unused Assets to reduce memory usage. Loaded Objects now: 1982.
Total: 1.246600 ms (FindLiveObjects: 0.128300 ms CreateObjectMapping: 0.039900 ms MarkObjects: 1.062800 ms  DeleteObjects: 0.014700 ms)

========================================================================
Received Prepare
Registering precompiled user dll's ...
Registered in 0.002416 seconds.
Begin MonoManager ReloadAssembly
Native extension for WindowsStandalone target not found
Refreshing native plugins compatible for Editor in 0.27 ms, found 1 plugins.
Preloading 0 native plugins for Editor in 0.00 ms.
Invoked RoslynAnalysisRunner static constructor.
RoslynAnalysisRunner will not be running.
RoslynAnalysisRunner has terminated.
Mono: successfully reloaded assembly
- Completed reload, in  0.630 seconds
Platform modules already initialized, skipping
Refreshing native plugins compatible for Editor in 0.25 ms, found 1 plugins.
Preloading 0 native plugins for Editor in 0.00 ms.
Unloading 1526 Unused Serialized files (Serialized files now loaded: 0)
System memory in use before: 81.7 MB.
System memory in use after: 81.8 MB.

Unloading 17 unused Assets to reduce memory usage. Loaded Objects now: 1984.
Total: 1.305200 ms (FindLiveObjects: 0.140900 ms CreateObjectMapping: 0.040100 ms MarkObjects: 1.108600 ms  DeleteObjects: 0.014400 ms)

========================================================================
Received Import Request.
  Time since last request: 1510.822918 seconds.
  path: Assets/Scenes/CarTest2.unity
  artifactKey: Guid(6bab8b953732ad24890b88ea62977a5c) Importer(815301076,1909f56bfc062723c751e8b465ee728b)
Start importing Assets/Scenes/CarTest2.unity using Guid(6bab8b953732ad24890b88ea62977a5c) Importer(815301076,1909f56bfc062723c751e8b465ee728b)  -> (artifact id: '388cfc9b8a67780e74255597906a52a7') in 0.007779 seconds
  Import took 0.009672 seconds .

========================================================================
Received Import Request.
  Time since last request: 0.000482 seconds.
  path: Assets/Scenes/CarTest2.unity
  artifactKey: Guid(6bab8b953732ad24890b88ea62977a5c) Importer(815301076,1909f56bfc062723c751e8b465ee728b)
Start importing Assets/Scenes/CarTest2.unity using Guid(6bab8b953732ad24890b88ea62977a5c) Importer(815301076,1909f56bfc062723c751e8b465ee728b)  -> (artifact id: '388cfc9b8a67780e74255597906a52a7') in 0.002088 seconds
  Import took 0.003786 seconds .

========================================================================
Received Import Request.
  Time since last request: 28.236710 seconds.
  path: Assets/NNModels/CarDrive5.onnx
  artifactKey: Guid(c2adf6ceebb61784b87c66a8a9b3fba8) Importer(815301076,1909f56bfc062723c751e8b465ee728b)
Start importing Assets/NNModels/CarDrive5.onnx using Guid(c2adf6ceebb61784b87c66a8a9b3fba8) Importer(815301076,1909f56bfc062723c751e8b465ee728b) NullReferenceException
  at (wrapper managed-to-native) UnityEditor.EditorUtility.CopySerialized(UnityEngine.Object,UnityEngine.Object)
  at Unity.Barracuda.NNModelEditor.RenderStaticPreview (System.String assetPath, UnityEngine.Object[] subAssets, System.Int32 width, System.Int32 height) [0x00009] in C:\Users\Kevin Yu\source\repos\self_driving_car_simulator\Library\PackageCache\com.unity.barracuda@1.0.4\Barracuda\Editor\ONNXModelImporterEditor.cs:85 
  at UnityEditor.AssetPreviewUpdater.CreatePreviewForAsset (UnityEngine.Object obj, UnityEngine.Object[] subAssets, System.String assetPath) [0x0008a] in <1e441e8684a14fe4b8f8a926d91afc3a>:0 

(Filename: Library/PackageCache/com.unity.barracuda@1.0.4/Barracuda/Editor/ONNXModelImporterEditor.cs Line: 85)

 -> (artifact id: '4fdf29a8e9b27a2fa97a8d0f15df721b') in 0.032857 seconds
  Import took 0.034657 seconds .

========================================================================
Received Prepare
Registering precompiled user dll's ...
Registered in 0.002423 seconds.
Begin MonoManager ReloadAssembly
Native extension for WindowsStandalone target not found
Refreshing native plugins compatible for Editor in 0.25 ms, found 1 plugins.
Preloading 0 native plugins for Editor in 0.00 ms.
Invoked RoslynAnalysisRunner static constructor.
RoslynAnalysisRunner will not be running.
RoslynAnalysisRunner has terminated.
Mono: successfully reloaded assembly
- Completed reload, in  0.613 seconds
Platform modules already initialized, skipping
Refreshing native plugins compatible for Editor in 0.26 ms, found 1 plugins.
Preloading 0 native plugins for Editor in 0.00 ms.
Unloading 1526 Unused Serialized files (Serialized files now loaded: 0)
System memory in use before: 82.1 MB.
System memory in use after: 82.2 MB.

Unloading 17 unused Assets to reduce memory usage. Loaded Objects now: 1988.
Total: 1.317400 ms (FindLiveObjects: 0.128500 ms CreateObjectMapping: 0.047900 ms MarkObjects: 1.125600 ms  DeleteObjects: 0.014400 ms)

========================================================================
Received Import Request.
  Time since last request: 128.046536 seconds.
  path: Assets/NNModels/CarDrive2.onnx
  artifactKey: Guid(32d5d4b44e6411845ada8bc42ae12164) Importer(815301076,1909f56bfc062723c751e8b465ee728b)
Start importing Assets/NNModels/CarDrive2.onnx using Guid(32d5d4b44e6411845ada8bc42ae12164) Importer(815301076,1909f56bfc062723c751e8b465ee728b) NullReferenceException
  at (wrapper managed-to-native) UnityEditor.EditorUtility.CopySerialized(UnityEngine.Object,UnityEngine.Object)
  at Unity.Barracuda.NNModelEditor.RenderStaticPreview (System.String assetPath, UnityEngine.Object[] subAssets, System.Int32 width, System.Int32 height) [0x00009] in C:\Users\Kevin Yu\source\repos\self_driving_car_simulator\Library\PackageCache\com.unity.barracuda@1.0.4\Barracuda\Editor\ONNXModelImporterEditor.cs:85 
  at UnityEditor.AssetPreviewUpdater.CreatePreviewForAsset (UnityEngine.Object obj, UnityEngine.Object[] subAssets, System.String assetPath) [0x0008a] in <1e441e8684a14fe4b8f8a926d91afc3a>:0 

(Filename: Library/PackageCache/com.unity.barracuda@1.0.4/Barracuda/Editor/ONNXModelImporterEditor.cs Line: 85)

 -> (artifact id: '54e06771b0d7065c02dab7019bee415f') in 0.034804 seconds
  Import took 0.036605 seconds .

========================================================================
Received Import Request.
  Time since last request: 0.071916 seconds.
  path: Assets/NNModels/CarDrive2.onnx
  artifactKey: Guid(32d5d4b44e6411845ada8bc42ae12164) Importer(815301076,1909f56bfc062723c751e8b465ee728b)
Start importing Assets/NNModels/CarDrive2.onnx using Guid(32d5d4b44e6411845ada8bc42ae12164) Importer(815301076,1909f56bfc062723c751e8b465ee728b) NullReferenceException
  at (wrapper managed-to-native) UnityEditor.EditorUtility.CopySerialized(UnityEngine.Object,UnityEngine.Object)
  at Unity.Barracuda.NNModelEditor.RenderStaticPreview (System.String assetPath, UnityEngine.Object[] subAssets, System.Int32 width, System.Int32 height) [0x00009] in C:\Users\Kevin Yu\source\repos\self_driving_car_simulator\Library\PackageCache\com.unity.barracuda@1.0.4\Barracuda\Editor\ONNXModelImporterEditor.cs:85 
  at UnityEditor.AssetPreviewUpdater.CreatePreviewForAsset (UnityEngine.Object obj, UnityEngine.Object[] subAssets, System.String assetPath) [0x0008a] in <1e441e8684a14fe4b8f8a926d91afc3a>:0 

(Filename: Library/PackageCache/com.unity.barracuda@1.0.4/Barracuda/Editor/ONNXModelImporterEditor.cs Line: 85)

 -> (artifact id: '54e06771b0d7065c02dab7019bee415f') in 0.024921 seconds
  Import took 0.026686 seconds .

========================================================================
Received Import Request.
  Time since last request: 133.375685 seconds.
  path: Assets/Scenes/CarTrain2.unity
  artifactKey: Guid(18037240530c3d747a3744a8cde358cd) Importer(815301076,1909f56bfc062723c751e8b465ee728b)
Start importing Assets/Scenes/CarTrain2.unity using Guid(18037240530c3d747a3744a8cde358cd) Importer(815301076,1909f56bfc062723c751e8b465ee728b)  -> (artifact id: '690aa091687823467abdf0b139d0699f') in 0.004258 seconds
  Import took 0.006017 seconds .

========================================================================
Received Prepare
Registering precompiled user dll's ...
Registered in 0.002201 seconds.
Begin MonoManager ReloadAssembly
Native extension for WindowsStandalone target not found
Refreshing native plugins compatible for Editor in 0.25 ms, found 1 plugins.
Preloading 0 native plugins for Editor in 0.00 ms.
Invoked RoslynAnalysisRunner static constructor.
RoslynAnalysisRunner will not be running.
RoslynAnalysisRunner has terminated.
Mono: successfully reloaded assembly
- Completed reload, in  0.597 seconds
Platform modules already initialized, skipping
Refreshing native plugins compatible for Editor in 0.25 ms, found 1 plugins.
Preloading 0 native plugins for Editor in 0.00 ms.
Unloading 1526 Unused Serialized files (Serialized files now loaded: 0)
System memory in use before: 82.5 MB.
System memory in use after: 82.6 MB.

Unloading 17 unused Assets to reduce memory usage. Loaded Objects now: 1994.
Total: 1.210700 ms (FindLiveObjects: 0.114200 ms CreateObjectMapping: 0.037200 ms MarkObjects: 1.046200 ms  DeleteObjects: 0.012300 ms)

========================================================================
Received Import Request.
  Time since last request: 56.354595 seconds.
  path: Assets/Prefabs/TrainingInstance2.prefab
  artifactKey: Guid(5770dfe5d5306d84199d4e2ce8918a85) Importer(815301076,1909f56bfc062723c751e8b465ee728b)
Start importing Assets/Prefabs/TrainingInstance2.prefab using Guid(5770dfe5d5306d84199d4e2ce8918a85) Importer(815301076,1909f56bfc062723c751e8b465ee728b)  -> (artifact id: '6e0ab9f148b3ea29f3a3d201a1ab598c') in 0.069599 seconds
  Import took 0.073103 seconds .

========================================================================
Received Import Request.
  Time since last request: 8.834678 seconds.
  path: Assets/Prefabs/TrainingInstance2.prefab
  artifactKey: Guid(5770dfe5d5306d84199d4e2ce8918a85) Importer(815301076,1909f56bfc062723c751e8b465ee728b)
Start importing Assets/Prefabs/TrainingInstance2.prefab using Guid(5770dfe5d5306d84199d4e2ce8918a85) Importer(815301076,1909f56bfc062723c751e8b465ee728b)  -> (artifact id: 'b5abe2633bd40202997bb9abbee10df5') in 0.026856 seconds
  Import took 0.030192 seconds .

========================================================================
Received Import Request.
  Time since last request: 16.157010 seconds.
  path: Assets/Prefabs/TrainingInstance2.prefab
  artifactKey: Guid(5770dfe5d5306d84199d4e2ce8918a85) Importer(815301076,1909f56bfc062723c751e8b465ee728b)
Start importing Assets/Prefabs/TrainingInstance2.prefab using Guid(5770dfe5d5306d84199d4e2ce8918a85) Importer(815301076,1909f56bfc062723c751e8b465ee728b)  -> (artifact id: '173361cadda14e88555895dab89b3957') in 0.026099 seconds
  Import took 0.029445 seconds .

========================================================================
Received Import Request.
  Time since last request: 8.480677 seconds.
  path: Assets/Prefabs/TrainingInstance2.prefab
  artifactKey: Guid(5770dfe5d5306d84199d4e2ce8918a85) Importer(815301076,1909f56bfc062723c751e8b465ee728b)
Start importing Assets/Prefabs/TrainingInstance2.prefab using Guid(5770dfe5d5306d84199d4e2ce8918a85) Importer(815301076,1909f56bfc062723c751e8b465ee728b)  -> (artifact id: '1dc9f24dfa523f61f13939cabb150f0a') in 0.024174 seconds
  Import took 0.027462 seconds .

========================================================================
Received Import Request.
  Time since last request: 6.307563 seconds.
  path: Assets/Prefabs/TrainingInstance2.prefab
  artifactKey: Guid(5770dfe5d5306d84199d4e2ce8918a85) Importer(815301076,1909f56bfc062723c751e8b465ee728b)
Start importing Assets/Prefabs/TrainingInstance2.prefab using Guid(5770dfe5d5306d84199d4e2ce8918a85) Importer(815301076,1909f56bfc062723c751e8b465ee728b)  -> (artifact id: 'b842af4879ab7086606acfdb280f8249') in 0.026179 seconds
  Import took 0.029597 seconds .

========================================================================
Received Import Request.
  Time since last request: 8.329136 seconds.
  path: Assets/Prefabs/TrainingInstance2.prefab
  artifactKey: Guid(5770dfe5d5306d84199d4e2ce8918a85) Importer(815301076,1909f56bfc062723c751e8b465ee728b)
Start importing Assets/Prefabs/TrainingInstance2.prefab using Guid(5770dfe5d5306d84199d4e2ce8918a85) Importer(815301076,1909f56bfc062723c751e8b465ee728b)  -> (artifact id: 'f089855167f58c6b25957be6b0047e20') in 0.032587 seconds
  Import took 0.036011 seconds .

========================================================================
Received Import Request.
  Time since last request: 3.440777 seconds.
  path: Assets/Prefabs/TrainingInstance2.prefab
  artifactKey: Guid(5770dfe5d5306d84199d4e2ce8918a85) Importer(815301076,1909f56bfc062723c751e8b465ee728b)
Start importing Assets/Prefabs/TrainingInstance2.prefab using Guid(5770dfe5d5306d84199d4e2ce8918a85) Importer(815301076,1909f56bfc062723c751e8b465ee728b)  -> (artifact id: '95fc3aaa9609e3bde6cca00384adca46') in 0.025271 seconds
  Import took 0.028550 seconds .

========================================================================
Received Import Request.
  Time since last request: 6.272925 seconds.
  path: Assets/Prefabs/TrainingInstance2.prefab
  artifactKey: Guid(5770dfe5d5306d84199d4e2ce8918a85) Importer(815301076,1909f56bfc062723c751e8b465ee728b)
Start importing Assets/Prefabs/TrainingInstance2.prefab using Guid(5770dfe5d5306d84199d4e2ce8918a85) Importer(815301076,1909f56bfc062723c751e8b465ee728b)  -> (artifact id: 'd885ca861d24e3d4ce194c7803235036') in 0.039294 seconds
  Import took 0.042633 seconds .

========================================================================
Received Import Request.
  Time since last request: 5.646393 seconds.
  path: Assets/Prefabs/TrainingInstance2.prefab
  artifactKey: Guid(5770dfe5d5306d84199d4e2ce8918a85) Importer(815301076,1909f56bfc062723c751e8b465ee728b)
Start importing Assets/Prefabs/TrainingInstance2.prefab using Guid(5770dfe5d5306d84199d4e2ce8918a85) Importer(815301076,1909f56bfc062723c751e8b465ee728b)  -> (artifact id: 'c05f6249097e50095d622cccce19b7bd') in 0.031953 seconds
  Import took 0.035223 seconds .

========================================================================
Received Import Request.
  Time since last request: 6.066313 seconds.
  path: Assets/Prefabs/TrainingInstance2.prefab
  artifactKey: Guid(5770dfe5d5306d84199d4e2ce8918a85) Importer(815301076,1909f56bfc062723c751e8b465ee728b)
Start importing Assets/Prefabs/TrainingInstance2.prefab using Guid(5770dfe5d5306d84199d4e2ce8918a85) Importer(815301076,1909f56bfc062723c751e8b465ee728b)  -> (artifact id: '1195c594cc0d7d8dc30ab188d6a1f933') in 0.026705 seconds
  Import took 0.030155 seconds .

========================================================================
Received Import Request.
  Time since last request: 3.441542 seconds.
  path: Assets/Prefabs/TrainingInstance2.prefab
  artifactKey: Guid(5770dfe5d5306d84199d4e2ce8918a85) Importer(815301076,1909f56bfc062723c751e8b465ee728b)
Start importing Assets/Prefabs/TrainingInstance2.prefab using Guid(5770dfe5d5306d84199d4e2ce8918a85) Importer(815301076,1909f56bfc062723c751e8b465ee728b)  -> (artifact id: 'ab1ccdab0c63f20165cf861dc3c2994d') in 0.025788 seconds
  Import took 0.029289 seconds .

========================================================================
Received Import Request.
  Time since last request: 3.681312 seconds.
  path: Assets/Prefabs/TrainingInstance2.prefab
  artifactKey: Guid(5770dfe5d5306d84199d4e2ce8918a85) Importer(815301076,1909f56bfc062723c751e8b465ee728b)
Start importing Assets/Prefabs/TrainingInstance2.prefab using Guid(5770dfe5d5306d84199d4e2ce8918a85) Importer(815301076,1909f56bfc062723c751e8b465ee728b)  -> (artifact id: 'b24eb2bea2a73daaf2aa03d09b73755a') in 0.031051 seconds
  Import took 0.034551 seconds .

========================================================================
Received Import Request.
  Time since last request: 20.032284 seconds.
  path: Assets/Prefabs/TrainingInstance2.prefab
  artifactKey: Guid(5770dfe5d5306d84199d4e2ce8918a85) Importer(815301076,1909f56bfc062723c751e8b465ee728b)
Start importing Assets/Prefabs/TrainingInstance2.prefab using Guid(5770dfe5d5306d84199d4e2ce8918a85) Importer(815301076,1909f56bfc062723c751e8b465ee728b)  -> (artifact id: 'df88bfb68d88314f762180f0165ce99e') in 0.030901 seconds
  Import took 0.034519 seconds .

========================================================================
Received Import Request.
  Time since last request: 3.246329 seconds.
  path: Assets/Prefabs/TrainingInstance2.prefab
  artifactKey: Guid(5770dfe5d5306d84199d4e2ce8918a85) Importer(815301076,1909f56bfc062723c751e8b465ee728b)
Start importing Assets/Prefabs/TrainingInstance2.prefab using Guid(5770dfe5d5306d84199d4e2ce8918a85) Importer(815301076,1909f56bfc062723c751e8b465ee728b)  -> (artifact id: '9cf0843c44e70474e62a9395f654fd22') in 0.022092 seconds
  Import took 0.025342 seconds .

========================================================================
Received Import Request.
  Time since last request: 3.252251 seconds.
  path: Assets/Prefabs/TrainingInstance2.prefab
  artifactKey: Guid(5770dfe5d5306d84199d4e2ce8918a85) Importer(815301076,1909f56bfc062723c751e8b465ee728b)
Start importing Assets/Prefabs/TrainingInstance2.prefab using Guid(5770dfe5d5306d84199d4e2ce8918a85) Importer(815301076,1909f56bfc062723c751e8b465ee728b)  -> (artifact id: '34c0d065dc4d377af0e0ea54346271d1') in 0.025446 seconds
  Import took 0.028702 seconds .

========================================================================
Received Import Request.
  Time since last request: 10.492379 seconds.
  path: Assets/Prefabs/TrainingInstance2.prefab
  artifactKey: Guid(5770dfe5d5306d84199d4e2ce8918a85) Importer(815301076,1909f56bfc062723c751e8b465ee728b)
Start importing Assets/Prefabs/TrainingInstance2.prefab using Guid(5770dfe5d5306d84199d4e2ce8918a85) Importer(815301076,1909f56bfc062723c751e8b465ee728b)  -> (artifact id: 'bc4041fe79fd35a25132fcf1b3f5cdd3') in 0.026860 seconds
  Import took 0.030314 seconds .

========================================================================
Received Import Request.
  Time since last request: 2.640636 seconds.
  path: Assets/Prefabs/TrainingInstance2.prefab
  artifactKey: Guid(5770dfe5d5306d84199d4e2ce8918a85) Importer(815301076,1909f56bfc062723c751e8b465ee728b)
Start importing Assets/Prefabs/TrainingInstance2.prefab using Guid(5770dfe5d5306d84199d4e2ce8918a85) Importer(815301076,1909f56bfc062723c751e8b465ee728b)  -> (artifact id: '094ec41282eb4dde26d065946d7c6f97') in 0.032211 seconds
  Import took 0.035524 seconds .

========================================================================
Received Import Request.
  Time since last request: 10.691623 seconds.
  path: Assets/Prefabs/TrainingInstance2.prefab
  artifactKey: Guid(5770dfe5d5306d84199d4e2ce8918a85) Importer(815301076,1909f56bfc062723c751e8b465ee728b)
Start importing Assets/Prefabs/TrainingInstance2.prefab using Guid(5770dfe5d5306d84199d4e2ce8918a85) Importer(815301076,1909f56bfc062723c751e8b465ee728b)  -> (artifact id: '3de550ba4a58b10f9f6ab2316800b98a') in 0.024151 seconds
  Import took 0.027356 seconds .

========================================================================
Received Import Request.
  Time since last request: 4.458942 seconds.
  path: Assets/Prefabs/TrainingInstance2.prefab
  artifactKey: Guid(5770dfe5d5306d84199d4e2ce8918a85) Importer(815301076,1909f56bfc062723c751e8b465ee728b)
Start importing Assets/Prefabs/TrainingInstance2.prefab using Guid(5770dfe5d5306d84199d4e2ce8918a85) Importer(815301076,1909f56bfc062723c751e8b465ee728b)  -> (artifact id: '67b346f0546984e02c1f7ef9c22b3fdc') in 0.024963 seconds
  Import took 0.028400 seconds .

========================================================================
Received Import Request.
  Time since last request: 11.893410 seconds.
  path: Assets/Prefabs/TrainingInstance2.prefab
  artifactKey: Guid(5770dfe5d5306d84199d4e2ce8918a85) Importer(815301076,1909f56bfc062723c751e8b465ee728b)
Start importing Assets/Prefabs/TrainingInstance2.prefab using Guid(5770dfe5d5306d84199d4e2ce8918a85) Importer(815301076,1909f56bfc062723c751e8b465ee728b)  -> (artifact id: '6d4fd62bbb68ac8908df919ac4ddec90') in 0.029913 seconds
  Import took 0.033168 seconds .

========================================================================
Received Import Request.
  Time since last request: 3.239466 seconds.
  path: Assets/Prefabs/TrainingInstance2.prefab
  artifactKey: Guid(5770dfe5d5306d84199d4e2ce8918a85) Importer(815301076,1909f56bfc062723c751e8b465ee728b)
Start importing Assets/Prefabs/TrainingInstance2.prefab using Guid(5770dfe5d5306d84199d4e2ce8918a85) Importer(815301076,1909f56bfc062723c751e8b465ee728b)  -> (artifact id: 'c9c4fe00c17fff198bbae4409e24044a') in 0.024331 seconds
  Import took 0.027795 seconds .

========================================================================
Received Import Request.
  Time since last request: 6.123335 seconds.
  path: Assets/Prefabs/TrainingInstance2.prefab
  artifactKey: Guid(5770dfe5d5306d84199d4e2ce8918a85) Importer(815301076,1909f56bfc062723c751e8b465ee728b)
Start importing Assets/Prefabs/TrainingInstance2.prefab using Guid(5770dfe5d5306d84199d4e2ce8918a85) Importer(815301076,1909f56bfc062723c751e8b465ee728b)  -> (artifact id: '20727fc26f82d34aa1bc65887a9facf0') in 0.025782 seconds
  Import took 0.029106 seconds .

========================================================================
Received Import Request.
  Time since last request: 8.674089 seconds.
  path: Assets/Prefabs/TrainingInstance2.prefab
  artifactKey: Guid(5770dfe5d5306d84199d4e2ce8918a85) Importer(815301076,1909f56bfc062723c751e8b465ee728b)
Start importing Assets/Prefabs/TrainingInstance2.prefab using Guid(5770dfe5d5306d84199d4e2ce8918a85) Importer(815301076,1909f56bfc062723c751e8b465ee728b)  -> (artifact id: '31c932ca5c7273ef11102ca1d168f69a') in 0.025827 seconds
  Import took 0.029030 seconds .

========================================================================
Received Import Request.
  Time since last request: 3.051462 seconds.
  path: Assets/Prefabs/TrainingInstance2.prefab
  artifactKey: Guid(5770dfe5d5306d84199d4e2ce8918a85) Importer(815301076,1909f56bfc062723c751e8b465ee728b)
Start importing Assets/Prefabs/TrainingInstance2.prefab using Guid(5770dfe5d5306d84199d4e2ce8918a85) Importer(815301076,1909f56bfc062723c751e8b465ee728b)  -> (artifact id: 'ab6a33c9a7815c2f52231f836ee7aac0') in 0.045072 seconds
  Import took 0.048354 seconds .

========================================================================
Received Import Request.
  Time since last request: 2.421389 seconds.
  path: Assets/Prefabs/TrainingInstance2.prefab
  artifactKey: Guid(5770dfe5d5306d84199d4e2ce8918a85) Importer(815301076,1909f56bfc062723c751e8b465ee728b)
Start importing Assets/Prefabs/TrainingInstance2.prefab using Guid(5770dfe5d5306d84199d4e2ce8918a85) Importer(815301076,1909f56bfc062723c751e8b465ee728b)  -> (artifact id: '23aa706ed6071c15e235a49dfb57f5d3') in 0.021472 seconds
  Import took 0.024731 seconds .

========================================================================
Received Import Request.
  Time since last request: 3.648442 seconds.
  path: Assets/Prefabs/TrainingInstance2.prefab
  artifactKey: Guid(5770dfe5d5306d84199d4e2ce8918a85) Importer(815301076,1909f56bfc062723c751e8b465ee728b)
Start importing Assets/Prefabs/TrainingInstance2.prefab using Guid(5770dfe5d5306d84199d4e2ce8918a85) Importer(815301076,1909f56bfc062723c751e8b465ee728b)  -> (artifact id: 'cf6f5abc3b708e20eae4cbe787510ca7') in 0.030975 seconds
  Import took 0.034283 seconds .

========================================================================
Received Import Request.
  Time since last request: 8.277245 seconds.
  path: Assets/Prefabs/TrainingInstance2.prefab
  artifactKey: Guid(5770dfe5d5306d84199d4e2ce8918a85) Importer(815301076,1909f56bfc062723c751e8b465ee728b)
Start importing Assets/Prefabs/TrainingInstance2.prefab using Guid(5770dfe5d5306d84199d4e2ce8918a85) Importer(815301076,1909f56bfc062723c751e8b465ee728b)  -> (artifact id: 'df6a71935dada3e9567e4165893534c3') in 0.024455 seconds
  Import took 0.027862 seconds .

========================================================================
Received Import Request.
  Time since last request: 5.683282 seconds.
  path: Assets/Prefabs/TrainingInstance2.prefab
  artifactKey: Guid(5770dfe5d5306d84199d4e2ce8918a85) Importer(815301076,1909f56bfc062723c751e8b465ee728b)
Start importing Assets/Prefabs/TrainingInstance2.prefab using Guid(5770dfe5d5306d84199d4e2ce8918a85) Importer(815301076,1909f56bfc062723c751e8b465ee728b)  -> (artifact id: 'dc16c5e1df189c8d67bec243ea40667d') in 0.024945 seconds
  Import took 0.028490 seconds .

========================================================================
Received Import Request.
  Time since last request: 16.346043 seconds.
  path: Assets/Prefabs/TrainingInstance2.prefab
  artifactKey: Guid(5770dfe5d5306d84199d4e2ce8918a85) Importer(815301076,1909f56bfc062723c751e8b465ee728b)
Start importing Assets/Prefabs/TrainingInstance2.prefab using Guid(5770dfe5d5306d84199d4e2ce8918a85) Importer(815301076,1909f56bfc062723c751e8b465ee728b)  -> (artifact id: 'ede16b0e9dfde4f479fff29c3dc2d2e2') in 0.026194 seconds
  Import took 0.029455 seconds .

========================================================================
Received Import Request.
  Time since last request: 4.258102 seconds.
  path: Assets/Prefabs/TrainingInstance2.prefab
  artifactKey: Guid(5770dfe5d5306d84199d4e2ce8918a85) Importer(815301076,1909f56bfc062723c751e8b465ee728b)
Start importing Assets/Prefabs/TrainingInstance2.prefab using Guid(5770dfe5d5306d84199d4e2ce8918a85) Importer(815301076,1909f56bfc062723c751e8b465ee728b)  -> (artifact id: 'd9b2782e157ac3fbceb3a9c172a09c9c') in 0.024486 seconds
  Import took 0.027708 seconds .

========================================================================
Received Import Request.
  Time since last request: 23.188751 seconds.
  path: Assets/Prefabs/TrainingInstance2.prefab
  artifactKey: Guid(5770dfe5d5306d84199d4e2ce8918a85) Importer(815301076,1909f56bfc062723c751e8b465ee728b)
Start importing Assets/Prefabs/TrainingInstance2.prefab using Guid(5770dfe5d5306d84199d4e2ce8918a85) Importer(815301076,1909f56bfc062723c751e8b465ee728b)  -> (artifact id: 'ef17b33eeedf20d53908bad04ad6b689') in 0.025637 seconds
  Import took 0.028924 seconds .

========================================================================
Received Import Request.
  Time since last request: 11.505580 seconds.
  path: Assets/Prefabs/TrainingInstance2.prefab
  artifactKey: Guid(5770dfe5d5306d84199d4e2ce8918a85) Importer(815301076,1909f56bfc062723c751e8b465ee728b)
Start importing Assets/Prefabs/TrainingInstance2.prefab using Guid(5770dfe5d5306d84199d4e2ce8918a85) Importer(815301076,1909f56bfc062723c751e8b465ee728b)  -> (artifact id: '2e285a27b8da737928169c473f3e9059') in 0.028968 seconds
  Import took 0.032263 seconds .

========================================================================
Received Import Request.
  Time since last request: 6.903096 seconds.
  path: Assets/Prefabs/TrainingInstance2.prefab
  artifactKey: Guid(5770dfe5d5306d84199d4e2ce8918a85) Importer(815301076,1909f56bfc062723c751e8b465ee728b)
Start importing Assets/Prefabs/TrainingInstance2.prefab using Guid(5770dfe5d5306d84199d4e2ce8918a85) Importer(815301076,1909f56bfc062723c751e8b465ee728b)  -> (artifact id: '5a46d5aba4d876d11ac85492a1372192') in 0.031398 seconds
  Import took 0.034626 seconds .

========================================================================
Received Import Request.
  Time since last request: 16.361382 seconds.
  path: Assets/Prefabs/TrainingInstance2.prefab
  artifactKey: Guid(5770dfe5d5306d84199d4e2ce8918a85) Importer(815301076,1909f56bfc062723c751e8b465ee728b)
Start importing Assets/Prefabs/TrainingInstance2.prefab using Guid(5770dfe5d5306d84199d4e2ce8918a85) Importer(815301076,1909f56bfc062723c751e8b465ee728b)  -> (artifact id: 'a07c22d169bd5cfc8ddc31e867f32d2d') in 0.025415 seconds
  Import took 0.028774 seconds .

========================================================================
Received Import Request.
  Time since last request: 5.868441 seconds.
  path: Assets/Prefabs/TrainingInstance2.prefab
  artifactKey: Guid(5770dfe5d5306d84199d4e2ce8918a85) Importer(815301076,1909f56bfc062723c751e8b465ee728b)
Start importing Assets/Prefabs/TrainingInstance2.prefab using Guid(5770dfe5d5306d84199d4e2ce8918a85) Importer(815301076,1909f56bfc062723c751e8b465ee728b)  -> (artifact id: '9470dbefb55f76710495287d6d3ff8f7') in 0.024507 seconds
  Import took 0.027818 seconds .

========================================================================
Received Import Request.
  Time since last request: 2.447170 seconds.
  path: Assets/Prefabs/TrainingInstance2.prefab
  artifactKey: Guid(5770dfe5d5306d84199d4e2ce8918a85) Importer(815301076,1909f56bfc062723c751e8b465ee728b)
Start importing Assets/Prefabs/TrainingInstance2.prefab using Guid(5770dfe5d5306d84199d4e2ce8918a85) Importer(815301076,1909f56bfc062723c751e8b465ee728b)  -> (artifact id: '34a623685ede7e85611cf0cfff660c10') in 0.025909 seconds
  Import took 0.029360 seconds .

========================================================================
Received Import Request.
  Time since last request: 3.040170 seconds.
  path: Assets/Prefabs/TrainingInstance2.prefab
  artifactKey: Guid(5770dfe5d5306d84199d4e2ce8918a85) Importer(815301076,1909f56bfc062723c751e8b465ee728b)
Start importing Assets/Prefabs/TrainingInstance2.prefab using Guid(5770dfe5d5306d84199d4e2ce8918a85) Importer(815301076,1909f56bfc062723c751e8b465ee728b)  -> (artifact id: 'bfec49e21f74553a58be2de97438b021') in 0.023820 seconds
  Import took 0.027115 seconds .

========================================================================
Received Import Request.
  Time since last request: 5.874043 seconds.
  path: Assets/Prefabs/TrainingInstance2.prefab
  artifactKey: Guid(5770dfe5d5306d84199d4e2ce8918a85) Importer(815301076,1909f56bfc062723c751e8b465ee728b)
Start importing Assets/Prefabs/TrainingInstance2.prefab using Guid(5770dfe5d5306d84199d4e2ce8918a85) Importer(815301076,1909f56bfc062723c751e8b465ee728b)  -> (artifact id: 'ac16e132263238a66396656eb6b21598') in 0.022519 seconds
  Import took 0.026013 seconds .

========================================================================
Received Import Request.
  Time since last request: 3.249774 seconds.
  path: Assets/Prefabs/TrainingInstance2.prefab
  artifactKey: Guid(5770dfe5d5306d84199d4e2ce8918a85) Importer(815301076,1909f56bfc062723c751e8b465ee728b)
Start importing Assets/Prefabs/TrainingInstance2.prefab using Guid(5770dfe5d5306d84199d4e2ce8918a85) Importer(815301076,1909f56bfc062723c751e8b465ee728b)  -> (artifact id: 'b5dd51b1ccc33455fb5e1d7980816e4c') in 0.025851 seconds
  Import took 0.029220 seconds .

========================================================================
Received Import Request.
  Time since last request: 3.446550 seconds.
  path: Assets/Prefabs/TrainingInstance2.prefab
  artifactKey: Guid(5770dfe5d5306d84199d4e2ce8918a85) Importer(815301076,1909f56bfc062723c751e8b465ee728b)
Start importing Assets/Prefabs/TrainingInstance2.prefab using Guid(5770dfe5d5306d84199d4e2ce8918a85) Importer(815301076,1909f56bfc062723c751e8b465ee728b)  -> (artifact id: 'dc5dc4217481347c86722a95db723431') in 0.021902 seconds
  Import took 0.025152 seconds .

========================================================================
Received Import Request.
  Time since last request: 17.526975 seconds.
  path: Assets/Prefabs/TrainingInstance2.prefab
  artifactKey: Guid(5770dfe5d5306d84199d4e2ce8918a85) Importer(815301076,1909f56bfc062723c751e8b465ee728b)
Start importing Assets/Prefabs/TrainingInstance2.prefab using Guid(5770dfe5d5306d84199d4e2ce8918a85) Importer(815301076,1909f56bfc062723c751e8b465ee728b)  -> (artifact id: '5ec4a8c1ddb270aa1d227ad4535f5ffe') in 0.024178 seconds
  Import took 0.027578 seconds .

========================================================================
Received Import Request.
  Time since last request: 119.816010 seconds.
  path: Assets/Scenes/CarTrain2.unity
  artifactKey: Guid(18037240530c3d747a3744a8cde358cd) Importer(815301076,1909f56bfc062723c751e8b465ee728b)
Start importing Assets/Scenes/CarTrain2.unity using Guid(18037240530c3d747a3744a8cde358cd) Importer(815301076,1909f56bfc062723c751e8b465ee728b)  -> (artifact id: '8995218e81582af29fa9f27332206fe4') in 0.002583 seconds
  Import took 0.004791 seconds .

========================================================================
Received Prepare
Registering precompiled user dll's ...
Registered in 0.002295 seconds.
Begin MonoManager ReloadAssembly
Native extension for WindowsStandalone target not found
Refreshing native plugins compatible for Editor in 0.25 ms, found 1 plugins.
Preloading 0 native plugins for Editor in 0.00 ms.
Invoked RoslynAnalysisRunner static constructor.
RoslynAnalysisRunner will not be running.
RoslynAnalysisRunner has terminated.
Mono: successfully reloaded assembly
- Completed reload, in  0.623 seconds
Platform modules already initialized, skipping
Refreshing native plugins compatible for Editor in 0.26 ms, found 1 plugins.
Preloading 0 native plugins for Editor in 0.00 ms.
Unloading 1526 Unused Serialized files (Serialized files now loaded: 0)
System memory in use before: 84.2 MB.
System memory in use after: 84.4 MB.

Unloading 17 unused Assets to reduce memory usage. Loaded Objects now: 1997.
Total: 1.480500 ms (FindLiveObjects: 0.143600 ms CreateObjectMapping: 0.045900 ms MarkObjects: 1.272600 ms  DeleteObjects: 0.017000 ms)

========================================================================
Received Import Request.
  Time since last request: 733.837099 seconds.
  path: Assets/Prefabs/TrainingInstance2.prefab
  artifactKey: Guid(5770dfe5d5306d84199d4e2ce8918a85) Importer(815301076,1909f56bfc062723c751e8b465ee728b)
Start importing Assets/Prefabs/TrainingInstance2.prefab using Guid(5770dfe5d5306d84199d4e2ce8918a85) Importer(815301076,1909f56bfc062723c751e8b465ee728b)  -> (artifact id: 'e9fc79b7bd215ff4a116592d2128790f') in 0.064246 seconds
  Import took 0.067730 seconds .

========================================================================
Received Prepare
Registering precompiled user dll's ...
Registered in 0.002318 seconds.
Begin MonoManager ReloadAssembly
Native extension for WindowsStandalone target not found
Refreshing native plugins compatible for Editor in 0.73 ms, found 1 plugins.
Preloading 0 native plugins for Editor in 0.00 ms.
Invoked RoslynAnalysisRunner static constructor.
RoslynAnalysisRunner will not be running.
RoslynAnalysisRunner has terminated.
Mono: successfully reloaded assembly
- Completed reload, in  0.712 seconds
Platform modules already initialized, skipping
Refreshing native plugins compatible for Editor in 0.77 ms, found 1 plugins.
Preloading 0 native plugins for Editor in 0.00 ms.
Unloading 1526 Unused Serialized files (Serialized files now loaded: 0)
System memory in use before: 84.4 MB.
System memory in use after: 84.5 MB.

Unloading 17 unused Assets to reduce memory usage. Loaded Objects now: 2000.
Total: 1.420900 ms (FindLiveObjects: 0.147900 ms CreateObjectMapping: 0.044200 ms MarkObjects: 1.211900 ms  DeleteObjects: 0.015800 ms)

========================================================================
Received Prepare
Registering precompiled user dll's ...
Registered in 0.002481 seconds.
Begin MonoManager ReloadAssembly
Native extension for WindowsStandalone target not found
Refreshing native plugins compatible for Editor in 0.25 ms, found 1 plugins.
Preloading 0 native plugins for Editor in 0.00 ms.
Invoked RoslynAnalysisRunner static constructor.
RoslynAnalysisRunner will not be running.
RoslynAnalysisRunner has terminated.
Mono: successfully reloaded assembly
- Completed reload, in  0.603 seconds
Platform modules already initialized, skipping
Refreshing native plugins compatible for Editor in 0.26 ms, found 1 plugins.
Preloading 0 native plugins for Editor in 0.00 ms.
Unloading 1526 Unused Serialized files (Serialized files now loaded: 0)
System memory in use before: 83.7 MB.
System memory in use after: 83.8 MB.

Unloading 17 unused Assets to reduce memory usage. Loaded Objects now: 2002.
Total: 1.268000 ms (FindLiveObjects: 0.127300 ms CreateObjectMapping: 0.042800 ms MarkObjects: 1.083200 ms  DeleteObjects: 0.013800 ms)

AssetImportWorkerClient::OnTransportError - code=2 error=End of file
