Using pre-set license
Built from '2020.2/release' branch; Version is '2020.2.1f1 (270dd8c3da1c) revision 2559448'; Using compiler version '192528614'; Build Type 'Release'
OS: 'Windows 10  (10.0.0) 64bit' Language: 'en' Physical Memory: 32485 MB
BatchMode: 1, IsHumanControllingUs: 0, StartBugReporterOnCrash: 0, Is64bit: 1, IsPro: 0

 COMMAND LINE ARGUMENTS:
C:\Program Files\Unity\Hub\Editor\2020.2.1f1\Editor\Unity.exe
-adb2
-batchMode
-noUpm
-name
AssetImportWorker1
-projectPath
C:/Users/sahil/source/repos/cAr-drIve
-logFile
Logs/AssetImportWorker1.log
-srvPort
50201
Successfully changed project path to: C:/Users/sahil/source/repos/cAr-drIve
C:/Users/sahil/source/repos/cAr-drIve
Using Asset Import Pipeline V2.
Refreshing native plugins compatible for Editor in 29.21 ms, found 1 plugins.
Preloading 0 native plugins for Editor in 0.00 ms.
Initialize engine version: 2020.2.1f1 (270dd8c3da1c)
[Subsystems] Discovering subsystems at path C:/Program Files/Unity/Hub/Editor/2020.2.1f1/Editor/Data/Resources/UnitySubsystems
[Subsystems] Discovering subsystems at path C:/Users/sahil/source/repos/cAr-drIve/Assets
GfxDevice: creating device client; threaded=0
Direct3D:
    Version:  Direct3D 11.0 [level 11.1]
    Renderer: NVIDIA GeForce GTX 1050 Ti with Max-Q Design (ID=0x1c8c)
    Vendor:   
    VRAM:     4021 MB
    Driver:   27.21.14.6089
Initialize mono
Mono path[0] = 'C:/Program Files/Unity/Hub/Editor/2020.2.1f1/Editor/Data/Managed'
Mono path[1] = 'C:/Program Files/Unity/Hub/Editor/2020.2.1f1/Editor/Data/MonoBleedingEdge/lib/mono/unityjit'
Mono config path = 'C:/Program Files/Unity/Hub/Editor/2020.2.1f1/Editor/Data/MonoBleedingEdge/etc'
Using monoOptions --debugger-agent=transport=dt_socket,embedding=1,server=y,suspend=n,address=127.0.0.1:56812
Begin MonoManager ReloadAssembly
Registering precompiled unity dll's ...
Register platform support module: C:/Program Files/Unity/Hub/Editor/2020.2.1f1/Editor/Data/PlaybackEngines/WindowsStandaloneSupport/UnityEditor.WindowsStandalone.Extensions.dll
Registered in 0.001618 seconds.
Native extension for WindowsStandalone target not found
Refreshing native plugins compatible for Editor in 25.91 ms, found 1 plugins.
Preloading 0 native plugins for Editor in 0.00 ms.
Invoked RoslynAnalysisRunner static constructor.
RoslynAnalysisRunner will not be running.
RoslynAnalysisRunner has terminated.
Mono: successfully reloaded assembly
- Completed reload, in  0.996 seconds
Platform modules already initialized, skipping
Registering precompiled user dll's ...
Registered in 0.003760 seconds.
Begin MonoManager ReloadAssembly
Native extension for WindowsStandalone target not found
Refreshing native plugins compatible for Editor in 25.92 ms, found 1 plugins.
Preloading 0 native plugins for Editor in 0.00 ms.
Invoked RoslynAnalysisRunner static constructor.
RoslynAnalysisRunner will not be running.
RoslynAnalysisRunner has terminated.
Mono: successfully reloaded assembly
- Completed reload, in  1.295 seconds
Platform modules already initialized, skipping
========================================================================
Worker process is ready to serve import requests
Launched and connected shader compiler UnityShaderCompiler.exe after 0.05 seconds
Refreshing native plugins compatible for Editor in 0.29 ms, found 1 plugins.
Preloading 0 native plugins for Editor in 0.00 ms.
Unloading 1532 Unused Serialized files (Serialized files now loaded: 0)
System memory in use before: 77.1 MB.
System memory in use after: 77.2 MB.

Unloading 22 unused Assets to reduce memory usage. Loaded Objects now: 1962.
Total: 2.160100 ms (FindLiveObjects: 0.147400 ms CreateObjectMapping: 0.053200 ms MarkObjects: 1.912100 ms  DeleteObjects: 0.046500 ms)

========================================================================
Received Import Request.
  path: ProjectSettings/TagManager.asset
  artifactKey: Guid(00000000000000003000000000000000) Importer(815301076,1909f56bfc062723c751e8b465ee728b)
Start importing ProjectSettings/TagManager.asset using Guid(00000000000000003000000000000000) Importer(815301076,1909f56bfc062723c751e8b465ee728b)  -> (artifact id: '8240473fd93ce35c1bf980eaef7947ec') in 0.028413 seconds
  Import took 0.030677 seconds .

========================================================================
Received Prepare
Registering precompiled user dll's ...
Registered in 0.003621 seconds.
Begin MonoManager ReloadAssembly
Native extension for WindowsStandalone target not found
Refreshing native plugins compatible for Editor in 0.32 ms, found 1 plugins.
Preloading 0 native plugins for Editor in 0.00 ms.
Invoked RoslynAnalysisRunner static constructor.
RoslynAnalysisRunner will not be running.
RoslynAnalysisRunner has terminated.
Mono: successfully reloaded assembly
- Completed reload, in  0.799 seconds
Platform modules already initialized, skipping
Refreshing native plugins compatible for Editor in 0.32 ms, found 1 plugins.
Preloading 0 native plugins for Editor in 0.00 ms.
Unloading 1526 Unused Serialized files (Serialized files now loaded: 0)
System memory in use before: 77.3 MB.
System memory in use after: 77.4 MB.

Unloading 18 unused Assets to reduce memory usage. Loaded Objects now: 1964.
Total: 2.306600 ms (FindLiveObjects: 0.158600 ms CreateObjectMapping: 0.043700 ms MarkObjects: 2.079800 ms  DeleteObjects: 0.023400 ms)

========================================================================
Received Import Request.
  Time since last request: 485.707661 seconds.
  path: Assets/Scenes/CarTrain.unity
  artifactKey: Guid(e2f698ef8a83e4f4992bac554c829f8f) Importer(815301076,1909f56bfc062723c751e8b465ee728b)
Start importing Assets/Scenes/CarTrain.unity using Guid(e2f698ef8a83e4f4992bac554c829f8f) Importer(815301076,1909f56bfc062723c751e8b465ee728b)  -> (artifact id: '90ed876031c657c751d24f3a9e17cee5') in 0.048024 seconds
  Import took 0.051072 seconds .

========================================================================
Received Prepare
Registering precompiled user dll's ...
Registered in 0.003556 seconds.
Begin MonoManager ReloadAssembly
Native extension for WindowsStandalone target not found
Refreshing native plugins compatible for Editor in 0.34 ms, found 1 plugins.
Preloading 0 native plugins for Editor in 0.00 ms.
Invoked RoslynAnalysisRunner static constructor.
RoslynAnalysisRunner will not be running.
RoslynAnalysisRunner has terminated.
Mono: successfully reloaded assembly
- Completed reload, in  0.852 seconds
Platform modules already initialized, skipping
Refreshing native plugins compatible for Editor in 0.34 ms, found 1 plugins.
Preloading 0 native plugins for Editor in 0.00 ms.
Unloading 1526 Unused Serialized files (Serialized files now loaded: 0)
System memory in use before: 77.6 MB.
System memory in use after: 77.7 MB.

Unloading 17 unused Assets to reduce memory usage. Loaded Objects now: 1966.
Total: 2.527000 ms (FindLiveObjects: 0.253000 ms CreateObjectMapping: 0.065400 ms MarkObjects: 2.182300 ms  DeleteObjects: 0.024900 ms)

========================================================================
Received Prepare
Registering precompiled user dll's ...
Registered in 0.003961 seconds.
Begin MonoManager ReloadAssembly
Native extension for WindowsStandalone target not found
Refreshing native plugins compatible for Editor in 0.30 ms, found 1 plugins.
Preloading 0 native plugins for Editor in 0.00 ms.
Invoked RoslynAnalysisRunner static constructor.
RoslynAnalysisRunner will not be running.
RoslynAnalysisRunner has terminated.
Mono: successfully reloaded assembly
- Completed reload, in  0.787 seconds
Platform modules already initialized, skipping
Refreshing native plugins compatible for Editor in 0.34 ms, found 1 plugins.
Preloading 0 native plugins for Editor in 0.00 ms.
Unloading 1526 Unused Serialized files (Serialized files now loaded: 0)
System memory in use before: 77.8 MB.
System memory in use after: 77.9 MB.

Unloading 17 unused Assets to reduce memory usage. Loaded Objects now: 1968.
Total: 2.182800 ms (FindLiveObjects: 0.131200 ms CreateObjectMapping: 0.043700 ms MarkObjects: 1.987800 ms  DeleteObjects: 0.019300 ms)

========================================================================
Received Prepare
Registering precompiled user dll's ...
Registered in 0.003919 seconds.
Begin MonoManager ReloadAssembly
Native extension for WindowsStandalone target not found
Refreshing native plugins compatible for Editor in 0.32 ms, found 1 plugins.
Preloading 0 native plugins for Editor in 0.00 ms.
Invoked RoslynAnalysisRunner static constructor.
RoslynAnalysisRunner will not be running.
RoslynAnalysisRunner has terminated.
Mono: successfully reloaded assembly
- Completed reload, in  0.814 seconds
Platform modules already initialized, skipping
Refreshing native plugins compatible for Editor in 0.31 ms, found 1 plugins.
Preloading 0 native plugins for Editor in 0.00 ms.
Unloading 1526 Unused Serialized files (Serialized files now loaded: 0)
System memory in use before: 78.1 MB.
System memory in use after: 78.2 MB.

Unloading 17 unused Assets to reduce memory usage. Loaded Objects now: 1970.
Total: 2.243400 ms (FindLiveObjects: 0.160200 ms CreateObjectMapping: 0.058800 ms MarkObjects: 2.002700 ms  DeleteObjects: 0.020300 ms)

========================================================================
Received Import Request.
  Time since last request: 1696.049599 seconds.
  path: Assets/Prefabs/TrainingInstance.prefab
  artifactKey: Guid(5db4b03ec24b81c4dbbb259c033dd448) Importer(815301076,1909f56bfc062723c751e8b465ee728b)
Start importing Assets/Prefabs/TrainingInstance.prefab using Guid(5db4b03ec24b81c4dbbb259c033dd448) Importer(815301076,1909f56bfc062723c751e8b465ee728b)  -> (artifact id: '909026e067c1842db72553653bf0f75a') in 0.101871 seconds
  Import took 0.104888 seconds .

========================================================================
Received Import Request.
  Time since last request: 21.793041 seconds.
  path: Assets/Scenes/CarTest.unity
  artifactKey: Guid(9da70630259125842b439b03695146ee) Importer(815301076,1909f56bfc062723c751e8b465ee728b)
Start importing Assets/Scenes/CarTest.unity using Guid(9da70630259125842b439b03695146ee) Importer(815301076,1909f56bfc062723c751e8b465ee728b)  -> (artifact id: '4b73997304291a5c3599a78f76fb12c5') in 0.003235 seconds
  Import took 0.005882 seconds .

========================================================================
Received Prepare
Registering precompiled user dll's ...
Registered in 0.003714 seconds.
Begin MonoManager ReloadAssembly
Native extension for WindowsStandalone target not found
Refreshing native plugins compatible for Editor in 0.34 ms, found 1 plugins.
Preloading 0 native plugins for Editor in 0.00 ms.
Invoked RoslynAnalysisRunner static constructor.
RoslynAnalysisRunner will not be running.
RoslynAnalysisRunner has terminated.
Mono: successfully reloaded assembly
- Completed reload, in  0.814 seconds
Platform modules already initialized, skipping
Refreshing native plugins compatible for Editor in 0.32 ms, found 1 plugins.
Preloading 0 native plugins for Editor in 0.00 ms.
Unloading 1526 Unused Serialized files (Serialized files now loaded: 0)
System memory in use before: 81.6 MB.
System memory in use after: 81.7 MB.

Unloading 17 unused Assets to reduce memory usage. Loaded Objects now: 1981.
Total: 2.331800 ms (FindLiveObjects: 0.162900 ms CreateObjectMapping: 0.044700 ms MarkObjects: 2.102100 ms  DeleteObjects: 0.020800 ms)

========================================================================
Received Import Request.
  Time since last request: 204.605064 seconds.
  path: Assets/Prefabs/CarPrefab.prefab
  artifactKey: Guid(20c7f04929221b946a1bf2d707af0a2e) Importer(815301076,1909f56bfc062723c751e8b465ee728b)
Start importing Assets/Prefabs/CarPrefab.prefab using Guid(20c7f04929221b946a1bf2d707af0a2e) Importer(815301076,1909f56bfc062723c751e8b465ee728b)  -> (artifact id: '34051615a4d9a29e97d21fb06c8e2ba9') in 0.057015 seconds
  Import took 0.059491 seconds .

========================================================================
Received Import Request.
  Time since last request: 0.000312 seconds.
  path: Assets/Prefabs/CarPrefab Variant.prefab
  artifactKey: Guid(1dbb940436f59474aa604a5dc12eb7df) Importer(815301076,1909f56bfc062723c751e8b465ee728b)
Start importing Assets/Prefabs/CarPrefab Variant.prefab using Guid(1dbb940436f59474aa604a5dc12eb7df) Importer(815301076,1909f56bfc062723c751e8b465ee728b)  -> (artifact id: 'b7ae51cbdd1a23430e409cfc19d8f721') in 0.017634 seconds
  Import took 0.020247 seconds .

========================================================================
Received Import Request.
  Time since last request: 0.000316 seconds.
  path: Assets/Prefabs/TrainingInstance.prefab
  artifactKey: Guid(5db4b03ec24b81c4dbbb259c033dd448) Importer(815301076,1909f56bfc062723c751e8b465ee728b)
Start importing Assets/Prefabs/TrainingInstance.prefab using Guid(5db4b03ec24b81c4dbbb259c033dd448) Importer(815301076,1909f56bfc062723c751e8b465ee728b)  -> (artifact id: 'ae814a218b595fec43932f9204516aa4') in 0.018770 seconds
  Import took 0.022184 seconds .

========================================================================
Received Import Request.
  Time since last request: 0.557349 seconds.
  path: Assets/Prefabs/CarPrefab Variant.prefab
  artifactKey: Guid(1dbb940436f59474aa604a5dc12eb7df) Importer(815301076,1909f56bfc062723c751e8b465ee728b)
Start importing Assets/Prefabs/CarPrefab Variant.prefab using Guid(1dbb940436f59474aa604a5dc12eb7df) Importer(815301076,1909f56bfc062723c751e8b465ee728b)  -> (artifact id: '430e5641ed6220f932448d8c65caebfc') in 0.012218 seconds
  Import took 0.015182 seconds .

========================================================================
Received Import Request.
  Time since last request: 0.000295 seconds.
  path: Assets/Prefabs/CarPrefab.prefab
  artifactKey: Guid(20c7f04929221b946a1bf2d707af0a2e) Importer(815301076,1909f56bfc062723c751e8b465ee728b)
Start importing Assets/Prefabs/CarPrefab.prefab using Guid(20c7f04929221b946a1bf2d707af0a2e) Importer(815301076,1909f56bfc062723c751e8b465ee728b)  -> (artifact id: 'fa6b9c5c4e70fb8c9930e43364cbba66') in 0.011397 seconds
  Import took 0.014735 seconds .

========================================================================
Received Import Request.
  Time since last request: 0.000319 seconds.
  path: Assets/Prefabs/TrainingInstance.prefab
  artifactKey: Guid(5db4b03ec24b81c4dbbb259c033dd448) Importer(815301076,1909f56bfc062723c751e8b465ee728b)
Start importing Assets/Prefabs/TrainingInstance.prefab using Guid(5db4b03ec24b81c4dbbb259c033dd448) Importer(815301076,1909f56bfc062723c751e8b465ee728b)  -> (artifact id: '3a8038e39e6b474333872aae78e3ae7d') in 0.018601 seconds
  Import took 0.022641 seconds .

========================================================================
Received Import Request.
  Time since last request: 110.881298 seconds.
  path: Assets/Scenes/CarPlay.unity
  artifactKey: Guid(4b492557bce909f4aa3aaf5799729199) Importer(815301076,1909f56bfc062723c751e8b465ee728b)
Start importing Assets/Scenes/CarPlay.unity using Guid(4b492557bce909f4aa3aaf5799729199) Importer(815301076,1909f56bfc062723c751e8b465ee728b)  -> (artifact id: '8891346dbc9a67a3793d32e627c1480a') in 0.009423 seconds
  Import took 0.012965 seconds .

========================================================================
Received Prepare
Registering precompiled user dll's ...
Registered in 0.003760 seconds.
Begin MonoManager ReloadAssembly
Native extension for WindowsStandalone target not found
Refreshing native plugins compatible for Editor in 0.33 ms, found 1 plugins.
Preloading 0 native plugins for Editor in 0.00 ms.
Invoked RoslynAnalysisRunner static constructor.
RoslynAnalysisRunner will not be running.
RoslynAnalysisRunner has terminated.
Mono: successfully reloaded assembly
- Completed reload, in  0.879 seconds
Platform modules already initialized, skipping
Refreshing native plugins compatible for Editor in 0.32 ms, found 1 plugins.
Preloading 0 native plugins for Editor in 0.00 ms.
Unloading 1526 Unused Serialized files (Serialized files now loaded: 0)
System memory in use before: 81.9 MB.
System memory in use after: 82.0 MB.

Unloading 17 unused Assets to reduce memory usage. Loaded Objects now: 1984.
Total: 2.289300 ms (FindLiveObjects: 0.200300 ms CreateObjectMapping: 0.076400 ms MarkObjects: 1.992800 ms  DeleteObjects: 0.018800 ms)

========================================================================
Received Import Request.
  Time since last request: 75.623044 seconds.
  path: Assets/NNModels/CarDrive-500103.onnx
  artifactKey: Guid(0be2c5724cda1eb4990296677432e757) Importer(815301076,1909f56bfc062723c751e8b465ee728b)
Start importing Assets/NNModels/CarDrive-500103.onnx using Guid(0be2c5724cda1eb4990296677432e757) Importer(815301076,1909f56bfc062723c751e8b465ee728b) NullReferenceException
  at (wrapper managed-to-native) UnityEditor.EditorUtility.CopySerialized(UnityEngine.Object,UnityEngine.Object)
  at Unity.Barracuda.NNModelEditor.RenderStaticPreview (System.String assetPath, UnityEngine.Object[] subAssets, System.Int32 width, System.Int32 height) [0x00009] in C:\Users\sahil\source\repos\cAr-drIve\Library\PackageCache\com.unity.barracuda@1.0.4\Barracuda\Editor\ONNXModelImporterEditor.cs:85 
  at UnityEditor.AssetPreviewUpdater.CreatePreviewForAsset (UnityEngine.Object obj, UnityEngine.Object[] subAssets, System.String assetPath) [0x0008a] in <1e441e8684a14fe4b8f8a926d91afc3a>:0 

(Filename: Library/PackageCache/com.unity.barracuda@1.0.4/Barracuda/Editor/ONNXModelImporterEditor.cs Line: 85)

 -> (artifact id: '6e30d356fe7ecbf1ab1eb3a322d2f916') in 0.059663 seconds
  Import took 0.063110 seconds .

========================================================================
Received Import Request.
  Time since last request: 0.001440 seconds.
  path: Assets/NNModels/CarDrive-500103.onnx
  artifactKey: Guid(0be2c5724cda1eb4990296677432e757) Importer(815301076,1909f56bfc062723c751e8b465ee728b)
Start importing Assets/NNModels/CarDrive-500103.onnx using Guid(0be2c5724cda1eb4990296677432e757) Importer(815301076,1909f56bfc062723c751e8b465ee728b) NullReferenceException
  at (wrapper managed-to-native) UnityEditor.EditorUtility.CopySerialized(UnityEngine.Object,UnityEngine.Object)
  at Unity.Barracuda.NNModelEditor.RenderStaticPreview (System.String assetPath, UnityEngine.Object[] subAssets, System.Int32 width, System.Int32 height) [0x00009] in C:\Users\sahil\source\repos\cAr-drIve\Library\PackageCache\com.unity.barracuda@1.0.4\Barracuda\Editor\ONNXModelImporterEditor.cs:85 
  at UnityEditor.AssetPreviewUpdater.CreatePreviewForAsset (UnityEngine.Object obj, UnityEngine.Object[] subAssets, System.String assetPath) [0x0008a] in <1e441e8684a14fe4b8f8a926d91afc3a>:0 

(Filename: Library/PackageCache/com.unity.barracuda@1.0.4/Barracuda/Editor/ONNXModelImporterEditor.cs Line: 85)

 -> (artifact id: '6e30d356fe7ecbf1ab1eb3a322d2f916') in 0.006231 seconds
  Import took 0.009144 seconds .

========================================================================
Received Prepare
Registering precompiled user dll's ...
Registered in 0.003893 seconds.
Begin MonoManager ReloadAssembly
Native extension for WindowsStandalone target not found
Refreshing native plugins compatible for Editor in 0.32 ms, found 1 plugins.
Preloading 0 native plugins for Editor in 0.00 ms.
Invoked RoslynAnalysisRunner static constructor.
RoslynAnalysisRunner will not be running.
RoslynAnalysisRunner has terminated.
Mono: successfully reloaded assembly
- Completed reload, in  0.792 seconds
Platform modules already initialized, skipping
Refreshing native plugins compatible for Editor in 0.30 ms, found 1 plugins.
Preloading 0 native plugins for Editor in 0.00 ms.
Unloading 1526 Unused Serialized files (Serialized files now loaded: 0)
System memory in use before: 82.4 MB.
System memory in use after: 82.5 MB.

Unloading 17 unused Assets to reduce memory usage. Loaded Objects now: 1990.
Total: 2.298000 ms (FindLiveObjects: 0.228100 ms CreateObjectMapping: 0.046700 ms MarkObjects: 2.003900 ms  DeleteObjects: 0.018500 ms)

========================================================================
Received Prepare
Registering precompiled user dll's ...
Registered in 0.003818 seconds.
Begin MonoManager ReloadAssembly
Native extension for WindowsStandalone target not found
Refreshing native plugins compatible for Editor in 0.33 ms, found 1 plugins.
Preloading 0 native plugins for Editor in 0.00 ms.
Invoked RoslynAnalysisRunner static constructor.
RoslynAnalysisRunner will not be running.
RoslynAnalysisRunner has terminated.
Mono: successfully reloaded assembly
- Completed reload, in  0.803 seconds
Platform modules already initialized, skipping
Refreshing native plugins compatible for Editor in 0.31 ms, found 1 plugins.
Preloading 0 native plugins for Editor in 0.00 ms.
Unloading 1526 Unused Serialized files (Serialized files now loaded: 0)
System memory in use before: 81.8 MB.
System memory in use after: 81.9 MB.

Unloading 17 unused Assets to reduce memory usage. Loaded Objects now: 1992.
Total: 2.274900 ms (FindLiveObjects: 0.171500 ms CreateObjectMapping: 0.051200 ms MarkObjects: 2.030200 ms  DeleteObjects: 0.021300 ms)

========================================================================
Received Import Request.
  Time since last request: 1466.191660 seconds.
  path: Assets/Scripts/Car.cs
  artifactKey: Guid(7120882a2430a2d4e86a858613a93784) Importer(815301076,1909f56bfc062723c751e8b465ee728b)
Start importing Assets/Scripts/Car.cs using Guid(7120882a2430a2d4e86a858613a93784) Importer(815301076,1909f56bfc062723c751e8b465ee728b)  -> (artifact id: '196ad637d3ec23e8c03c9222a9ce5988') in 0.019711 seconds
  Import took 0.023094 seconds .

========================================================================
Received Import Request.
  Time since last request: 0.001979 seconds.
  path: Assets/Scripts/Car.cs
  artifactKey: Guid(7120882a2430a2d4e86a858613a93784) Importer(815301076,1909f56bfc062723c751e8b465ee728b)
Start importing Assets/Scripts/Car.cs using Guid(7120882a2430a2d4e86a858613a93784) Importer(815301076,1909f56bfc062723c751e8b465ee728b)  -> (artifact id: '196ad637d3ec23e8c03c9222a9ce5988') in 0.004532 seconds
  Import took 0.008953 seconds .

========================================================================
Received Import Request.
  Time since last request: 12.511020 seconds.
  path: Assets/Scripts/CarAgent.cs
  artifactKey: Guid(b9b7f167dc8a62645bd44e7fc0fe9a3b) Importer(815301076,1909f56bfc062723c751e8b465ee728b)
Start importing Assets/Scripts/CarAgent.cs using Guid(b9b7f167dc8a62645bd44e7fc0fe9a3b) Importer(815301076,1909f56bfc062723c751e8b465ee728b)  -> (artifact id: '1a4bc3277420e6da28bd3aa604578525') in 0.006631 seconds
  Import took 0.009582 seconds .

========================================================================
Received Import Request.
  Time since last request: 101.179813 seconds.
  path: Packages/com.unity.barracuda
  artifactKey: Guid(f71965d39f553f5f30c3e718d806904f) Importer(815301076,1909f56bfc062723c751e8b465ee728b)
Start importing Packages/com.unity.barracuda using Guid(f71965d39f553f5f30c3e718d806904f) Importer(815301076,1909f56bfc062723c751e8b465ee728b)  -> (artifact id: 'a7cea3d7d0f1f6db54b2393e81d58b53') in 0.008122 seconds
  Import took 0.011864 seconds .

========================================================================
Received Import Request.
  Time since last request: 1.255885 seconds.
  path: Packages/com.unity.burst
  artifactKey: Guid(65d1b64226033bcd2de5b4e51938fb75) Importer(815301076,1909f56bfc062723c751e8b465ee728b)
Start importing Packages/com.unity.burst using Guid(65d1b64226033bcd2de5b4e51938fb75) Importer(815301076,1909f56bfc062723c751e8b465ee728b)  -> (artifact id: '99223aff1f2b6b4d97320ea7ff147ff4') in 0.009297 seconds
  Import took 0.043143 seconds .

========================================================================
Received Import Request.
  Time since last request: 0.636030 seconds.
  path: Packages/com.unity.mathematics
  artifactKey: Guid(795e97ad99e2f6ffd2060ae1983b6f25) Importer(815301076,1909f56bfc062723c751e8b465ee728b)
Start importing Packages/com.unity.mathematics using Guid(795e97ad99e2f6ffd2060ae1983b6f25) Importer(815301076,1909f56bfc062723c751e8b465ee728b)  -> (artifact id: '8863c59b0e090a8e32de251e96f5090a') in 0.009704 seconds
  Import took 0.012322 seconds .

========================================================================
Received Import Request.
  Time since last request: 0.579729 seconds.
  path: Packages/com.unity.test-framework
  artifactKey: Guid(6023f2b823fc19b4e4a90875281ff117) Importer(815301076,1909f56bfc062723c751e8b465ee728b)
Start importing Packages/com.unity.test-framework using Guid(6023f2b823fc19b4e4a90875281ff117) Importer(815301076,1909f56bfc062723c751e8b465ee728b)  -> (artifact id: 'a30c742c2e5625e7bebd1ed8c8447c10') in 0.009454 seconds
  Import took 0.012843 seconds .

========================================================================
Received Import Request.
  Time since last request: 1.240375 seconds.
  path: Packages/com.unity.ml-agents
  artifactKey: Guid(ae48bdc75c5667e3bee0a55b49d87880) Importer(815301076,1909f56bfc062723c751e8b465ee728b)
Start importing Packages/com.unity.ml-agents using Guid(ae48bdc75c5667e3bee0a55b49d87880) Importer(815301076,1909f56bfc062723c751e8b465ee728b)  -> (artifact id: 'd548643ca457ed987587d58bb272fa96') in 0.005975 seconds
  Import took 0.008247 seconds .

========================================================================
Received Import Request.
  Time since last request: 2.929363 seconds.
  path: Packages/com.unity.ml-agents/package.json
  artifactKey: Guid(e13b73fbfc8e74e4d87af46bf55d7df6) Importer(815301076,1909f56bfc062723c751e8b465ee728b)
Start importing Packages/com.unity.ml-agents/package.json using Guid(e13b73fbfc8e74e4d87af46bf55d7df6) Importer(815301076,1909f56bfc062723c751e8b465ee728b)  -> (artifact id: '4247b6ac9fbc1162e1334dbb6977a30e') in 0.025173 seconds
  Import took 0.028093 seconds .

========================================================================
Received Import Request.
  Time since last request: 74.115819 seconds.
  path: Assets/Scenes/CarPlay.unity
  artifactKey: Guid(4b492557bce909f4aa3aaf5799729199) Importer(815301076,1909f56bfc062723c751e8b465ee728b)
Start importing Assets/Scenes/CarPlay.unity using Guid(4b492557bce909f4aa3aaf5799729199) Importer(815301076,1909f56bfc062723c751e8b465ee728b)  -> (artifact id: 'f4c0b845cd1e6e01dc9b8893e13c5d59') in 0.010178 seconds
  Import took 0.013323 seconds .

========================================================================
Received Prepare
Registering precompiled user dll's ...
Registered in 0.003600 seconds.
Begin MonoManager ReloadAssembly
Native extension for WindowsStandalone target not found
Refreshing native plugins compatible for Editor in 0.31 ms, found 1 plugins.
Preloading 0 native plugins for Editor in 0.00 ms.
Invoked RoslynAnalysisRunner static constructor.
RoslynAnalysisRunner will not be running.
RoslynAnalysisRunner has terminated.
Mono: successfully reloaded assembly
- Completed reload, in  0.786 seconds
Platform modules already initialized, skipping
Refreshing native plugins compatible for Editor in 0.33 ms, found 1 plugins.
Preloading 0 native plugins for Editor in 0.00 ms.
Unloading 1527 Unused Serialized files (Serialized files now loaded: 0)
System memory in use before: 82.1 MB.
System memory in use after: 82.2 MB.

Unloading 17 unused Assets to reduce memory usage. Loaded Objects now: 1995.
Total: 1.652500 ms (FindLiveObjects: 0.152700 ms CreateObjectMapping: 0.049700 ms MarkObjects: 1.431400 ms  DeleteObjects: 0.017900 ms)

========================================================================
Received Import Request.
  Time since last request: 593.003967 seconds.
  path: Assets/Prefabs/CarPrefab Variant.prefab
  artifactKey: Guid(1dbb940436f59474aa604a5dc12eb7df) Importer(815301076,1909f56bfc062723c751e8b465ee728b)
Start importing Assets/Prefabs/CarPrefab Variant.prefab using Guid(1dbb940436f59474aa604a5dc12eb7df) Importer(815301076,1909f56bfc062723c751e8b465ee728b)  -> (artifact id: '750492c1411c89d1d7410d2692e68fdc') in 0.068072 seconds
  Import took 0.071282 seconds .

========================================================================
Received Import Request.
  Time since last request: 10.525625 seconds.
  path: Assets/Prefabs/CarPrefab Variant.prefab
  artifactKey: Guid(1dbb940436f59474aa604a5dc12eb7df) Importer(815301076,1909f56bfc062723c751e8b465ee728b)
Start importing Assets/Prefabs/CarPrefab Variant.prefab using Guid(1dbb940436f59474aa604a5dc12eb7df) Importer(815301076,1909f56bfc062723c751e8b465ee728b)  -> (artifact id: 'dcef8349f8bb98ef44a63cb255644899') in 0.027079 seconds
  Import took 0.029584 seconds .

========================================================================
Received Import Request.
  Time since last request: 33.157725 seconds.
  path: Assets/Prefabs/CarPrefab Variant.prefab
  artifactKey: Guid(1dbb940436f59474aa604a5dc12eb7df) Importer(815301076,1909f56bfc062723c751e8b465ee728b)
Start importing Assets/Prefabs/CarPrefab Variant.prefab using Guid(1dbb940436f59474aa604a5dc12eb7df) Importer(815301076,1909f56bfc062723c751e8b465ee728b)  -> (artifact id: 'f10bbd4ef9f05b037a634a3f697cfcdc') in 0.020336 seconds
  Import took 0.023314 seconds .

========================================================================
Received Import Request.
  Time since last request: 4.945015 seconds.
  path: Assets/Prefabs/CarPrefab Variant.prefab
  artifactKey: Guid(1dbb940436f59474aa604a5dc12eb7df) Importer(815301076,1909f56bfc062723c751e8b465ee728b)
Start importing Assets/Prefabs/CarPrefab Variant.prefab using Guid(1dbb940436f59474aa604a5dc12eb7df) Importer(815301076,1909f56bfc062723c751e8b465ee728b)  -> (artifact id: '4d3fee575605d4d7c8952e3bbbbe9567') in 0.026672 seconds
  Import took 0.029320 seconds .

========================================================================
Received Import Request.
  Time since last request: 3.434238 seconds.
  path: Assets/Prefabs/CarPrefab Variant.prefab
  artifactKey: Guid(1dbb940436f59474aa604a5dc12eb7df) Importer(815301076,1909f56bfc062723c751e8b465ee728b)
Start importing Assets/Prefabs/CarPrefab Variant.prefab using Guid(1dbb940436f59474aa604a5dc12eb7df) Importer(815301076,1909f56bfc062723c751e8b465ee728b)  -> (artifact id: 'ea263d9780ea95991d356d0564bc4585') in 0.031804 seconds
  Import took 0.034343 seconds .

========================================================================
Received Import Request.
  Time since last request: 16.549612 seconds.
  path: Assets/Prefabs/CarPrefab Variant.prefab
  artifactKey: Guid(1dbb940436f59474aa604a5dc12eb7df) Importer(815301076,1909f56bfc062723c751e8b465ee728b)
Start importing Assets/Prefabs/CarPrefab Variant.prefab using Guid(1dbb940436f59474aa604a5dc12eb7df) Importer(815301076,1909f56bfc062723c751e8b465ee728b)  -> (artifact id: '456c355c726bc3cf9bac5e5d03f5f370') in 0.026786 seconds
  Import took 0.030072 seconds .

========================================================================
Received Import Request.
  Time since last request: 2.789757 seconds.
  path: Assets/Prefabs/CarPrefab Variant.prefab
  artifactKey: Guid(1dbb940436f59474aa604a5dc12eb7df) Importer(815301076,1909f56bfc062723c751e8b465ee728b)
Start importing Assets/Prefabs/CarPrefab Variant.prefab using Guid(1dbb940436f59474aa604a5dc12eb7df) Importer(815301076,1909f56bfc062723c751e8b465ee728b)  -> (artifact id: '2751dcbc395d998ebbf639884904a47d') in 0.012674 seconds
  Import took 0.015333 seconds .

========================================================================
Received Import Request.
  Time since last request: 0.007567 seconds.
  path: Assets/Prefabs/CarPrefab Variant.prefab
  artifactKey: Guid(1dbb940436f59474aa604a5dc12eb7df) Importer(815301076,1909f56bfc062723c751e8b465ee728b)
Start importing Assets/Prefabs/CarPrefab Variant.prefab using Guid(1dbb940436f59474aa604a5dc12eb7df) Importer(815301076,1909f56bfc062723c751e8b465ee728b)  -> (artifact id: '2751dcbc395d998ebbf639884904a47d') in 0.015070 seconds
  Import took 0.017805 seconds .

========================================================================
Received Prepare
Registering precompiled user dll's ...
Registered in 0.003717 seconds.
Begin MonoManager ReloadAssembly
Native extension for WindowsStandalone target not found
Refreshing native plugins compatible for Editor in 0.31 ms, found 1 plugins.
Preloading 0 native plugins for Editor in 0.00 ms.
Invoked RoslynAnalysisRunner static constructor.
RoslynAnalysisRunner will not be running.
RoslynAnalysisRunner has terminated.
Mono: successfully reloaded assembly
- Completed reload, in  0.850 seconds
Platform modules already initialized, skipping
Refreshing native plugins compatible for Editor in 0.35 ms, found 1 plugins.
Preloading 0 native plugins for Editor in 0.00 ms.
Unloading 1527 Unused Serialized files (Serialized files now loaded: 0)
System memory in use before: 82.3 MB.
System memory in use after: 82.5 MB.

Unloading 17 unused Assets to reduce memory usage. Loaded Objects now: 1998.
Total: 2.204800 ms (FindLiveObjects: 0.157200 ms CreateObjectMapping: 0.042000 ms MarkObjects: 1.972700 ms  DeleteObjects: 0.031700 ms)

========================================================================
Received Prepare
Registering precompiled user dll's ...
Registered in 0.003644 seconds.
Begin MonoManager ReloadAssembly
Native extension for WindowsStandalone target not found
Refreshing native plugins compatible for Editor in 0.31 ms, found 1 plugins.
Preloading 0 native plugins for Editor in 0.00 ms.
Invoked RoslynAnalysisRunner static constructor.
RoslynAnalysisRunner will not be running.
RoslynAnalysisRunner has terminated.
Mono: successfully reloaded assembly
- Completed reload, in  0.809 seconds
Platform modules already initialized, skipping
Refreshing native plugins compatible for Editor in 0.32 ms, found 1 plugins.
Preloading 0 native plugins for Editor in 0.00 ms.
Unloading 1527 Unused Serialized files (Serialized files now loaded: 0)
System memory in use before: 82.5 MB.
System memory in use after: 82.6 MB.

Unloading 17 unused Assets to reduce memory usage. Loaded Objects now: 2000.
Total: 2.537900 ms (FindLiveObjects: 0.185300 ms CreateObjectMapping: 0.064100 ms MarkObjects: 2.267000 ms  DeleteObjects: 0.020200 ms)

========================================================================
Received Prepare
Registering precompiled user dll's ...
Registered in 0.003915 seconds.
Begin MonoManager ReloadAssembly
Native extension for WindowsStandalone target not found
Refreshing native plugins compatible for Editor in 0.32 ms, found 1 plugins.
Preloading 0 native plugins for Editor in 0.00 ms.
Invoked RoslynAnalysisRunner static constructor.
RoslynAnalysisRunner will not be running.
RoslynAnalysisRunner has terminated.
Mono: successfully reloaded assembly
- Completed reload, in  0.784 seconds
Platform modules already initialized, skipping
Refreshing native plugins compatible for Editor in 0.32 ms, found 1 plugins.
Preloading 0 native plugins for Editor in 0.00 ms.
Unloading 1527 Unused Serialized files (Serialized files now loaded: 0)
System memory in use before: 81.9 MB.
System memory in use after: 82.0 MB.

Unloading 17 unused Assets to reduce memory usage. Loaded Objects now: 2002.
Total: 2.115700 ms (FindLiveObjects: 0.164100 ms CreateObjectMapping: 0.045500 ms MarkObjects: 1.886500 ms  DeleteObjects: 0.018600 ms)

========================================================================
Received Import Request.
  Time since last request: 733.140893 seconds.
  path: Assets/Prefabs/CarPrefab Variant.prefab
  artifactKey: Guid(1dbb940436f59474aa604a5dc12eb7df) Importer(815301076,1909f56bfc062723c751e8b465ee728b)
Start importing Assets/Prefabs/CarPrefab Variant.prefab using Guid(1dbb940436f59474aa604a5dc12eb7df) Importer(815301076,1909f56bfc062723c751e8b465ee728b)  -> (artifact id: '3356b99e0b6c3fe353debf904f33b46d') in 0.063104 seconds
  Import took 0.066093 seconds .

========================================================================
Received Prepare
Registering precompiled user dll's ...
Registered in 0.004435 seconds.
Begin MonoManager ReloadAssembly
Native extension for WindowsStandalone target not found
Refreshing native plugins compatible for Editor in 0.31 ms, found 1 plugins.
Preloading 0 native plugins for Editor in 0.00 ms.
Invoked RoslynAnalysisRunner static constructor.
RoslynAnalysisRunner will not be running.
RoslynAnalysisRunner has terminated.
Mono: successfully reloaded assembly
- Completed reload, in  0.784 seconds
Platform modules already initialized, skipping
Refreshing native plugins compatible for Editor in 0.31 ms, found 1 plugins.
Preloading 0 native plugins for Editor in 0.00 ms.
Unloading 1527 Unused Serialized files (Serialized files now loaded: 0)
System memory in use before: 82.1 MB.
System memory in use after: 82.3 MB.

Unloading 17 unused Assets to reduce memory usage. Loaded Objects now: 2005.
Total: 2.288900 ms (FindLiveObjects: 0.155800 ms CreateObjectMapping: 0.040700 ms MarkObjects: 2.073700 ms  DeleteObjects: 0.017700 ms)

========================================================================
Received Prepare
Registering precompiled user dll's ...
Registered in 0.004007 seconds.
Begin MonoManager ReloadAssembly
Native extension for WindowsStandalone target not found
Refreshing native plugins compatible for Editor in 0.33 ms, found 1 plugins.
Preloading 0 native plugins for Editor in 0.00 ms.
Invoked RoslynAnalysisRunner static constructor.
RoslynAnalysisRunner will not be running.
RoslynAnalysisRunner has terminated.
Mono: successfully reloaded assembly
- Completed reload, in  0.804 seconds
Platform modules already initialized, skipping
Refreshing native plugins compatible for Editor in 0.33 ms, found 1 plugins.
Preloading 0 native plugins for Editor in 0.00 ms.
Unloading 1527 Unused Serialized files (Serialized files now loaded: 0)
System memory in use before: 82.4 MB.
System memory in use after: 82.5 MB.

Unloading 17 unused Assets to reduce memory usage. Loaded Objects now: 2007.
Total: 2.555600 ms (FindLiveObjects: 0.168500 ms CreateObjectMapping: 0.053900 ms MarkObjects: 2.310900 ms  DeleteObjects: 0.021100 ms)

========================================================================
Received Import Request.
  Time since last request: 601.181696 seconds.
  path: Assets/Prefabs/CarPrefabV2.prefab
  artifactKey: Guid(df8b8d42e388c084da72857da31581a8) Importer(815301076,1909f56bfc062723c751e8b465ee728b)
Start importing Assets/Prefabs/CarPrefabV2.prefab using Guid(df8b8d42e388c084da72857da31581a8) Importer(815301076,1909f56bfc062723c751e8b465ee728b)  -> (artifact id: '3a4cf032e8cd095b248c68a8d9e7a6b9') in 0.068875 seconds
  Import took 0.072057 seconds .

========================================================================
Received Import Request.
  Time since last request: 148.086983 seconds.
  path: Assets/Prefabs/CarPrefabV2.prefab
  artifactKey: Guid(df8b8d42e388c084da72857da31581a8) Importer(815301076,1909f56bfc062723c751e8b465ee728b)
Start importing Assets/Prefabs/CarPrefabV2.prefab using Guid(df8b8d42e388c084da72857da31581a8) Importer(815301076,1909f56bfc062723c751e8b465ee728b)  -> (artifact id: '49fa42d91abe154f369454ea96222c4d') in 0.015288 seconds
  Import took 0.018434 seconds .

========================================================================
Received Import Request.
  Time since last request: 3.984879 seconds.
  path: Assets/Prefabs/CarPrefabV2.prefab
  artifactKey: Guid(df8b8d42e388c084da72857da31581a8) Importer(815301076,1909f56bfc062723c751e8b465ee728b)
Start importing Assets/Prefabs/CarPrefabV2.prefab using Guid(df8b8d42e388c084da72857da31581a8) Importer(815301076,1909f56bfc062723c751e8b465ee728b)  -> (artifact id: '72589303aa9adbf0091100ec799d0740') in 0.014255 seconds
  Import took 0.016762 seconds .

========================================================================
Received Import Request.
  Time since last request: 2.600846 seconds.
  path: Assets/Prefabs/CarPrefabV2.prefab
  artifactKey: Guid(df8b8d42e388c084da72857da31581a8) Importer(815301076,1909f56bfc062723c751e8b465ee728b)
Start importing Assets/Prefabs/CarPrefabV2.prefab using Guid(df8b8d42e388c084da72857da31581a8) Importer(815301076,1909f56bfc062723c751e8b465ee728b)  -> (artifact id: 'b1d94446d06ad23f454cafdca8214fd7') in 0.015091 seconds
  Import took 0.017655 seconds .

========================================================================
Received Import Request.
  Time since last request: 4.918597 seconds.
  path: Assets/Prefabs/CarPrefabV2.prefab
  artifactKey: Guid(df8b8d42e388c084da72857da31581a8) Importer(815301076,1909f56bfc062723c751e8b465ee728b)
Start importing Assets/Prefabs/CarPrefabV2.prefab using Guid(df8b8d42e388c084da72857da31581a8) Importer(815301076,1909f56bfc062723c751e8b465ee728b)  -> (artifact id: '36c5f0f783f488c3bb25013f46630145') in 0.015186 seconds
  Import took 0.018064 seconds .

========================================================================
Received Import Request.
  Time since last request: 9.162838 seconds.
  path: Assets/Prefabs/CarPrefabV2.prefab
  artifactKey: Guid(df8b8d42e388c084da72857da31581a8) Importer(815301076,1909f56bfc062723c751e8b465ee728b)
Start importing Assets/Prefabs/CarPrefabV2.prefab using Guid(df8b8d42e388c084da72857da31581a8) Importer(815301076,1909f56bfc062723c751e8b465ee728b)  -> (artifact id: '7a01d7e4d72cbd62f0291f0d680363f9') in 0.016918 seconds
  Import took 0.019615 seconds .

========================================================================
Received Import Request.
  Time since last request: 3.207470 seconds.
  path: Assets/Prefabs/CarPrefabV2.prefab
  artifactKey: Guid(df8b8d42e388c084da72857da31581a8) Importer(815301076,1909f56bfc062723c751e8b465ee728b)
Start importing Assets/Prefabs/CarPrefabV2.prefab using Guid(df8b8d42e388c084da72857da31581a8) Importer(815301076,1909f56bfc062723c751e8b465ee728b)  -> (artifact id: '53d1511a77f13693e5449014277e5e3f') in 0.012549 seconds
  Import took 0.015240 seconds .

========================================================================
Received Import Request.
  Time since last request: 7.247510 seconds.
  path: Assets/Prefabs/CarPrefabV2.prefab
  artifactKey: Guid(df8b8d42e388c084da72857da31581a8) Importer(815301076,1909f56bfc062723c751e8b465ee728b)
Start importing Assets/Prefabs/CarPrefabV2.prefab using Guid(df8b8d42e388c084da72857da31581a8) Importer(815301076,1909f56bfc062723c751e8b465ee728b)  -> (artifact id: '456b417301e0d6689c38cfde3d50eb6c') in 0.014503 seconds
  Import took 0.017069 seconds .

========================================================================
Received Import Request.
  Time since last request: 16.526760 seconds.
  path: Assets/Prefabs/CarPrefabV2.prefab
  artifactKey: Guid(df8b8d42e388c084da72857da31581a8) Importer(815301076,1909f56bfc062723c751e8b465ee728b)
Start importing Assets/Prefabs/CarPrefabV2.prefab using Guid(df8b8d42e388c084da72857da31581a8) Importer(815301076,1909f56bfc062723c751e8b465ee728b)  -> (artifact id: '70567274950ae55e50382f832914004b') in 0.012837 seconds
  Import took 0.015495 seconds .

========================================================================
Received Import Request.
  Time since last request: 219.849858 seconds.
  path: Assets/Prefabs/CarPrefabV2.prefab
  artifactKey: Guid(df8b8d42e388c084da72857da31581a8) Importer(815301076,1909f56bfc062723c751e8b465ee728b)
Start importing Assets/Prefabs/CarPrefabV2.prefab using Guid(df8b8d42e388c084da72857da31581a8) Importer(815301076,1909f56bfc062723c751e8b465ee728b)  -> (artifact id: '32ac9b7759a60323b866bd81d82ce68c') in 0.015162 seconds
  Import took 0.018153 seconds .

========================================================================
Received Prepare
Registering precompiled user dll's ...
Registered in 0.003769 seconds.
Begin MonoManager ReloadAssembly
Native extension for WindowsStandalone target not found
Refreshing native plugins compatible for Editor in 0.31 ms, found 1 plugins.
Preloading 0 native plugins for Editor in 0.00 ms.
Invoked RoslynAnalysisRunner static constructor.
RoslynAnalysisRunner will not be running.
RoslynAnalysisRunner has terminated.
Mono: successfully reloaded assembly
- Completed reload, in  0.793 seconds
Platform modules already initialized, skipping
Refreshing native plugins compatible for Editor in 0.32 ms, found 1 plugins.
Preloading 0 native plugins for Editor in 0.00 ms.
Unloading 1527 Unused Serialized files (Serialized files now loaded: 0)
System memory in use before: 82.5 MB.
System memory in use after: 82.6 MB.

Unloading 17 unused Assets to reduce memory usage. Loaded Objects now: 2010.
Total: 2.333800 ms (FindLiveObjects: 0.132500 ms CreateObjectMapping: 0.041900 ms MarkObjects: 2.136000 ms  DeleteObjects: 0.022600 ms)

========================================================================
Received Prepare
Registering precompiled user dll's ...
Registered in 0.003663 seconds.
Begin MonoManager ReloadAssembly
Native extension for WindowsStandalone target not found
Refreshing native plugins compatible for Editor in 0.36 ms, found 1 plugins.
Preloading 0 native plugins for Editor in 0.00 ms.
Invoked RoslynAnalysisRunner static constructor.
RoslynAnalysisRunner will not be running.
RoslynAnalysisRunner has terminated.
Mono: successfully reloaded assembly
- Completed reload, in  0.797 seconds
Platform modules already initialized, skipping
Refreshing native plugins compatible for Editor in 0.31 ms, found 1 plugins.
Preloading 0 native plugins for Editor in 0.00 ms.
Unloading 1527 Unused Serialized files (Serialized files now loaded: 0)
System memory in use before: 82.0 MB.
System memory in use after: 82.1 MB.

Unloading 17 unused Assets to reduce memory usage. Loaded Objects now: 2012.
Total: 2.139000 ms (FindLiveObjects: 0.158700 ms CreateObjectMapping: 0.040400 ms MarkObjects: 1.921300 ms  DeleteObjects: 0.017900 ms)

========================================================================
Received Prepare
Registering precompiled user dll's ...
Registered in 0.003653 seconds.
Begin MonoManager ReloadAssembly
Native extension for WindowsStandalone target not found
Refreshing native plugins compatible for Editor in 0.31 ms, found 1 plugins.
Preloading 0 native plugins for Editor in 0.00 ms.
Invoked RoslynAnalysisRunner static constructor.
RoslynAnalysisRunner will not be running.
RoslynAnalysisRunner has terminated.
Mono: successfully reloaded assembly
- Completed reload, in  0.806 seconds
Platform modules already initialized, skipping
Refreshing native plugins compatible for Editor in 0.31 ms, found 1 plugins.
Preloading 0 native plugins for Editor in 0.00 ms.
Unloading 1527 Unused Serialized files (Serialized files now loaded: 0)
System memory in use before: 82.2 MB.
System memory in use after: 82.3 MB.

Unloading 17 unused Assets to reduce memory usage. Loaded Objects now: 2014.
Total: 2.140600 ms (FindLiveObjects: 0.172400 ms CreateObjectMapping: 0.050900 ms MarkObjects: 1.897600 ms  DeleteObjects: 0.018100 ms)

========================================================================
Received Prepare
Registering precompiled user dll's ...
Registered in 0.003534 seconds.
Begin MonoManager ReloadAssembly
Native extension for WindowsStandalone target not found
Refreshing native plugins compatible for Editor in 0.31 ms, found 1 plugins.
Preloading 0 native plugins for Editor in 0.00 ms.
Invoked RoslynAnalysisRunner static constructor.
RoslynAnalysisRunner will not be running.
RoslynAnalysisRunner has terminated.
Mono: successfully reloaded assembly
- Completed reload, in  0.799 seconds
Platform modules already initialized, skipping
Refreshing native plugins compatible for Editor in 0.32 ms, found 1 plugins.
Preloading 0 native plugins for Editor in 0.00 ms.
Unloading 1527 Unused Serialized files (Serialized files now loaded: 0)
System memory in use before: 82.5 MB.
System memory in use after: 82.6 MB.

Unloading 17 unused Assets to reduce memory usage. Loaded Objects now: 2016.
Total: 2.403500 ms (FindLiveObjects: 0.165700 ms CreateObjectMapping: 0.046500 ms MarkObjects: 2.172400 ms  DeleteObjects: 0.017800 ms)

========================================================================
Received Prepare
Registering precompiled user dll's ...
Registered in 0.004242 seconds.
Begin MonoManager ReloadAssembly
Native extension for WindowsStandalone target not found
Refreshing native plugins compatible for Editor in 0.33 ms, found 1 plugins.
Preloading 0 native plugins for Editor in 0.00 ms.
Invoked RoslynAnalysisRunner static constructor.
RoslynAnalysisRunner will not be running.
RoslynAnalysisRunner has terminated.
Mono: successfully reloaded assembly
- Completed reload, in  0.820 seconds
Platform modules already initialized, skipping
Refreshing native plugins compatible for Editor in 0.31 ms, found 1 plugins.
Preloading 0 native plugins for Editor in 0.00 ms.
Unloading 1527 Unused Serialized files (Serialized files now loaded: 0)
System memory in use before: 82.5 MB.
System memory in use after: 82.6 MB.

Unloading 17 unused Assets to reduce memory usage. Loaded Objects now: 2018.
Total: 2.436600 ms (FindLiveObjects: 0.159100 ms CreateObjectMapping: 0.046200 ms MarkObjects: 2.215100 ms  DeleteObjects: 0.015500 ms)

========================================================================
Received Prepare
Registering precompiled user dll's ...
Registered in 0.003534 seconds.
Begin MonoManager ReloadAssembly
Native extension for WindowsStandalone target not found
Refreshing native plugins compatible for Editor in 0.32 ms, found 1 plugins.
Preloading 0 native plugins for Editor in 0.00 ms.
Invoked RoslynAnalysisRunner static constructor.
RoslynAnalysisRunner will not be running.
RoslynAnalysisRunner has terminated.
Mono: successfully reloaded assembly
- Completed reload, in  0.809 seconds
Platform modules already initialized, skipping
Refreshing native plugins compatible for Editor in 0.31 ms, found 1 plugins.
Preloading 0 native plugins for Editor in 0.00 ms.
Unloading 1527 Unused Serialized files (Serialized files now loaded: 0)
System memory in use before: 82.0 MB.
System memory in use after: 82.1 MB.

Unloading 17 unused Assets to reduce memory usage. Loaded Objects now: 2020.
Total: 2.312400 ms (FindLiveObjects: 0.174400 ms CreateObjectMapping: 0.054800 ms MarkObjects: 2.063900 ms  DeleteObjects: 0.018400 ms)

========================================================================
Received Prepare
Registering precompiled user dll's ...
Registered in 0.003667 seconds.
Begin MonoManager ReloadAssembly
Native extension for WindowsStandalone target not found
Refreshing native plugins compatible for Editor in 0.31 ms, found 1 plugins.
Preloading 0 native plugins for Editor in 0.00 ms.
Invoked RoslynAnalysisRunner static constructor.
RoslynAnalysisRunner will not be running.
RoslynAnalysisRunner has terminated.
Mono: successfully reloaded assembly
- Completed reload, in  0.805 seconds
Platform modules already initialized, skipping
Refreshing native plugins compatible for Editor in 0.32 ms, found 1 plugins.
Preloading 0 native plugins for Editor in 0.00 ms.
Unloading 1527 Unused Serialized files (Serialized files now loaded: 0)
System memory in use before: 82.3 MB.
System memory in use after: 82.4 MB.

Unloading 17 unused Assets to reduce memory usage. Loaded Objects now: 2022.
Total: 2.485300 ms (FindLiveObjects: 0.158200 ms CreateObjectMapping: 0.045900 ms MarkObjects: 2.262800 ms  DeleteObjects: 0.017500 ms)

========================================================================
Received Import Request.
  Time since last request: 1668.881316 seconds.
  path: Assets/Textures/Arrow.jpg
  artifactKey: Guid(d33d98fc55428d6409bd0d68b848a851) Importer(815301076,1909f56bfc062723c751e8b465ee728b)
Start importing Assets/Textures/Arrow.jpg using Guid(d33d98fc55428d6409bd0d68b848a851) Importer(815301076,1909f56bfc062723c751e8b465ee728b)  -> (artifact id: 'a8197afe72ebdecd9f35aca90a202ff5') in 0.108519 seconds
  Import took 0.111877 seconds .

========================================================================
Received Prepare
Registering precompiled user dll's ...
Registered in 0.003583 seconds.
Begin MonoManager ReloadAssembly
Native extension for WindowsStandalone target not found
Refreshing native plugins compatible for Editor in 0.32 ms, found 1 plugins.
Preloading 0 native plugins for Editor in 0.00 ms.
Invoked RoslynAnalysisRunner static constructor.
RoslynAnalysisRunner will not be running.
RoslynAnalysisRunner has terminated.
Mono: successfully reloaded assembly
- Completed reload, in  0.823 seconds
Platform modules already initialized, skipping
Refreshing native plugins compatible for Editor in 0.33 ms, found 1 plugins.
Preloading 0 native plugins for Editor in 0.00 ms.
Unloading 1527 Unused Serialized files (Serialized files now loaded: 0)
System memory in use before: 82.5 MB.
System memory in use after: 82.6 MB.

Unloading 17 unused Assets to reduce memory usage. Loaded Objects now: 2025.
Total: 2.094600 ms (FindLiveObjects: 0.209500 ms CreateObjectMapping: 0.100300 ms MarkObjects: 1.764700 ms  DeleteObjects: 0.019100 ms)

========================================================================
Received Import Request.
  Time since last request: 6335.950104 seconds.
  path: Assets/Prefabs/CarPrefabV2.prefab
  artifactKey: Guid(df8b8d42e388c084da72857da31581a8) Importer(815301076,1909f56bfc062723c751e8b465ee728b)
Start importing Assets/Prefabs/CarPrefabV2.prefab using Guid(df8b8d42e388c084da72857da31581a8) Importer(815301076,1909f56bfc062723c751e8b465ee728b)  -> (artifact id: '264a271a036c816aaf7d81e035551f88') in 0.062049 seconds
  Import took 0.065635 seconds .

========================================================================
Received Import Request.
  Time since last request: 570.752205 seconds.
  path: Assets/Scenes/CarTrain2.unity
  artifactKey: Guid(1e9ab93bca680f64eb45fd43572f3c9b) Importer(815301076,1909f56bfc062723c751e8b465ee728b)
Start importing Assets/Scenes/CarTrain2.unity using Guid(1e9ab93bca680f64eb45fd43572f3c9b) Importer(815301076,1909f56bfc062723c751e8b465ee728b)  -> (artifact id: 'afdbced33f5efdede9d4234fb9d182e5') in 0.009329 seconds
  Import took 0.012824 seconds .

========================================================================
Received Import Request.
  Time since last request: 72.422144 seconds.
  path: Assets/Prefabs/TrainingInstance2.prefab
  artifactKey: Guid(0c1981419fd88654584491656c00784f) Importer(815301076,1909f56bfc062723c751e8b465ee728b)
Start importing Assets/Prefabs/TrainingInstance2.prefab using Guid(0c1981419fd88654584491656c00784f) Importer(815301076,1909f56bfc062723c751e8b465ee728b)  -> (artifact id: 'fbd8cd350e712badf3eccd9bc4ff3f22') in 0.028346 seconds
  Import took 0.031650 seconds .

========================================================================
Received Import Request.
  Time since last request: 32.938545 seconds.
  path: Assets/Prefabs/TrainingInstance2.prefab
  artifactKey: Guid(0c1981419fd88654584491656c00784f) Importer(815301076,1909f56bfc062723c751e8b465ee728b)
Start importing Assets/Prefabs/TrainingInstance2.prefab using Guid(0c1981419fd88654584491656c00784f) Importer(815301076,1909f56bfc062723c751e8b465ee728b)  -> (artifact id: '006343bafdacdef21cdc57f52f562bad') in 0.021486 seconds
  Import took 0.024809 seconds .

========================================================================
Received Import Request.
  Time since last request: 7.448251 seconds.
  path: Assets/Prefabs/TrainingInstance2.prefab
  artifactKey: Guid(0c1981419fd88654584491656c00784f) Importer(815301076,1909f56bfc062723c751e8b465ee728b)
Start importing Assets/Prefabs/TrainingInstance2.prefab using Guid(0c1981419fd88654584491656c00784f) Importer(815301076,1909f56bfc062723c751e8b465ee728b)  -> (artifact id: '992da3fe8cd171ffb1cca7bd4bd1e8c8') in 0.023635 seconds
  Import took 0.026574 seconds .

========================================================================
Received Import Request.
  Time since last request: 4.224612 seconds.
  path: Assets/Prefabs/TrainingInstance2.prefab
  artifactKey: Guid(0c1981419fd88654584491656c00784f) Importer(815301076,1909f56bfc062723c751e8b465ee728b)
Start importing Assets/Prefabs/TrainingInstance2.prefab using Guid(0c1981419fd88654584491656c00784f) Importer(815301076,1909f56bfc062723c751e8b465ee728b)  -> (artifact id: '3dc25796bf80bb4b36d1eb5793d5f10b') in 0.020867 seconds
  Import took 0.023950 seconds .

========================================================================
Received Import Request.
  Time since last request: 92.199576 seconds.
  path: Assets/Prefabs/TrainingInstance2.prefab
  artifactKey: Guid(0c1981419fd88654584491656c00784f) Importer(815301076,1909f56bfc062723c751e8b465ee728b)
Start importing Assets/Prefabs/TrainingInstance2.prefab using Guid(0c1981419fd88654584491656c00784f) Importer(815301076,1909f56bfc062723c751e8b465ee728b)  -> (artifact id: 'bcf95f6c51a426987884c21a075e529a') in 0.021489 seconds
  Import took 0.025388 seconds .

========================================================================
Received Import Request.
  Time since last request: 362.119714 seconds.
  path: Assets/Scenes/CarTrain2.unity
  artifactKey: Guid(1e9ab93bca680f64eb45fd43572f3c9b) Importer(815301076,1909f56bfc062723c751e8b465ee728b)
Start importing Assets/Scenes/CarTrain2.unity using Guid(1e9ab93bca680f64eb45fd43572f3c9b) Importer(815301076,1909f56bfc062723c751e8b465ee728b)  -> (artifact id: 'e62b75589d0c22708de4159cffa5eaa7') in 0.005851 seconds
  Import took 0.010715 seconds .

========================================================================
Received Prepare
Registering precompiled user dll's ...
Registered in 0.005038 seconds.
Begin MonoManager ReloadAssembly
Native extension for WindowsStandalone target not found
Refreshing native plugins compatible for Editor in 0.33 ms, found 1 plugins.
Preloading 0 native plugins for Editor in 0.00 ms.
Invoked RoslynAnalysisRunner static constructor.
RoslynAnalysisRunner will not be running.
RoslynAnalysisRunner has terminated.
Mono: successfully reloaded assembly
- Completed reload, in  0.822 seconds
Platform modules already initialized, skipping
Refreshing native plugins compatible for Editor in 0.32 ms, found 1 plugins.
Preloading 0 native plugins for Editor in 0.00 ms.
Unloading 1527 Unused Serialized files (Serialized files now loaded: 0)
System memory in use before: 81.9 MB.
System memory in use after: 82.0 MB.

Unloading 17 unused Assets to reduce memory usage. Loaded Objects now: 2028.
Total: 2.648800 ms (FindLiveObjects: 0.166800 ms CreateObjectMapping: 0.046000 ms MarkObjects: 2.411500 ms  DeleteObjects: 0.023600 ms)

========================================================================
Received Prepare
Registering precompiled user dll's ...
Registered in 0.003783 seconds.
Begin MonoManager ReloadAssembly
Native extension for WindowsStandalone target not found
Refreshing native plugins compatible for Editor in 0.33 ms, found 1 plugins.
Preloading 0 native plugins for Editor in 0.00 ms.
Invoked RoslynAnalysisRunner static constructor.
RoslynAnalysisRunner will not be running.
RoslynAnalysisRunner has terminated.
Mono: successfully reloaded assembly
- Completed reload, in  0.824 seconds
Platform modules already initialized, skipping
Refreshing native plugins compatible for Editor in 0.31 ms, found 1 plugins.
Preloading 0 native plugins for Editor in 0.00 ms.
Unloading 1527 Unused Serialized files (Serialized files now loaded: 0)
System memory in use before: 82.2 MB.
System memory in use after: 82.3 MB.

Unloading 17 unused Assets to reduce memory usage. Loaded Objects now: 2030.
Total: 2.096800 ms (FindLiveObjects: 0.173700 ms CreateObjectMapping: 0.043400 ms MarkObjects: 1.855900 ms  DeleteObjects: 0.022800 ms)

========================================================================
Received Prepare
Registering precompiled user dll's ...
Registered in 0.003648 seconds.
Begin MonoManager ReloadAssembly
Native extension for WindowsStandalone target not found
Refreshing native plugins compatible for Editor in 0.31 ms, found 1 plugins.
Preloading 0 native plugins for Editor in 0.00 ms.
Invoked RoslynAnalysisRunner static constructor.
RoslynAnalysisRunner will not be running.
RoslynAnalysisRunner has terminated.
Mono: successfully reloaded assembly
- Completed reload, in  0.777 seconds
Platform modules already initialized, skipping
Refreshing native plugins compatible for Editor in 0.33 ms, found 1 plugins.
Preloading 0 native plugins for Editor in 0.00 ms.
Unloading 1527 Unused Serialized files (Serialized files now loaded: 0)
System memory in use before: 82.5 MB.
System memory in use after: 82.6 MB.

Unloading 17 unused Assets to reduce memory usage. Loaded Objects now: 2032.
Total: 1.629700 ms (FindLiveObjects: 0.159200 ms CreateObjectMapping: 0.048900 ms MarkObjects: 1.404500 ms  DeleteObjects: 0.016100 ms)

========================================================================
Received Prepare
Registering precompiled user dll's ...
Registered in 0.003754 seconds.
Begin MonoManager ReloadAssembly
Native extension for WindowsStandalone target not found
Refreshing native plugins compatible for Editor in 0.37 ms, found 1 plugins.
Preloading 0 native plugins for Editor in 0.00 ms.
Invoked RoslynAnalysisRunner static constructor.
RoslynAnalysisRunner will not be running.
RoslynAnalysisRunner has terminated.
Mono: successfully reloaded assembly
- Completed reload, in  0.848 seconds
Platform modules already initialized, skipping
Refreshing native plugins compatible for Editor in 0.34 ms, found 1 plugins.
Preloading 0 native plugins for Editor in 0.00 ms.
Unloading 1527 Unused Serialized files (Serialized files now loaded: 0)
System memory in use before: 82.6 MB.
System memory in use after: 82.7 MB.

Unloading 17 unused Assets to reduce memory usage. Loaded Objects now: 2034.
Total: 2.465700 ms (FindLiveObjects: 0.161000 ms CreateObjectMapping: 0.044100 ms MarkObjects: 2.240100 ms  DeleteObjects: 0.019600 ms)

========================================================================
Received Import Request.
  Time since last request: 1759.870534 seconds.
  path: Assets/Scenes/CarTest.unity
  artifactKey: Guid(9da70630259125842b439b03695146ee) Importer(815301076,1909f56bfc062723c751e8b465ee728b)
Start importing Assets/Scenes/CarTest.unity using Guid(9da70630259125842b439b03695146ee) Importer(815301076,1909f56bfc062723c751e8b465ee728b)  -> (artifact id: '00ce2cd96790da28d457bd8b493fbd38') in 0.016041 seconds
  Import took 0.019459 seconds .

========================================================================
Received Import Request.
  Time since last request: 36.074118 seconds.
  path: Assets/Scenes/CarTest2.unity
  artifactKey: Guid(8f128ead1b3de7a4296fb9da348e47d6) Importer(815301076,1909f56bfc062723c751e8b465ee728b)
Start importing Assets/Scenes/CarTest2.unity using Guid(8f128ead1b3de7a4296fb9da348e47d6) Importer(815301076,1909f56bfc062723c751e8b465ee728b)  -> (artifact id: '6dfc9f020204a440bd36253ac89fc3c9') in 0.008626 seconds
  Import took 0.011908 seconds .

========================================================================
Received Import Request.
  Time since last request: 153.125714 seconds.
  path: Assets/NNModels/CarDrive2.onnx
  artifactKey: Guid(bf310b9ab2509c44fbc6d13b7fe4a87e) Importer(815301076,1909f56bfc062723c751e8b465ee728b)
Start importing Assets/NNModels/CarDrive2.onnx using Guid(bf310b9ab2509c44fbc6d13b7fe4a87e) Importer(815301076,1909f56bfc062723c751e8b465ee728b) NullReferenceException
  at (wrapper managed-to-native) UnityEditor.EditorUtility.CopySerialized(UnityEngine.Object,UnityEngine.Object)
  at Unity.Barracuda.NNModelEditor.RenderStaticPreview (System.String assetPath, UnityEngine.Object[] subAssets, System.Int32 width, System.Int32 height) [0x00009] in C:\Users\sahil\source\repos\cAr-drIve\Library\PackageCache\com.unity.barracuda@1.0.4\Barracuda\Editor\ONNXModelImporterEditor.cs:85 
  at UnityEditor.AssetPreviewUpdater.CreatePreviewForAsset (UnityEngine.Object obj, UnityEngine.Object[] subAssets, System.String assetPath) [0x0008a] in <1e441e8684a14fe4b8f8a926d91afc3a>:0 

(Filename: Library/PackageCache/com.unity.barracuda@1.0.4/Barracuda/Editor/ONNXModelImporterEditor.cs Line: 85)

 -> (artifact id: 'dc2cfc206b33bbe9917744a5dc68e15c') in 0.043817 seconds
  Import took 0.046715 seconds .

========================================================================
Received Import Request.
  Time since last request: 34.149112 seconds.
  path: Assets/Scenes/CarTrain2.unity
  artifactKey: Guid(1e9ab93bca680f64eb45fd43572f3c9b) Importer(815301076,1909f56bfc062723c751e8b465ee728b)
Start importing Assets/Scenes/CarTrain2.unity using Guid(1e9ab93bca680f64eb45fd43572f3c9b) Importer(815301076,1909f56bfc062723c751e8b465ee728b)  -> (artifact id: '25a510a4092074dfbe53a1cf503d5d90') in 0.003308 seconds
  Import took 0.005676 seconds .

========================================================================
Received Import Request.
  Time since last request: 0.027258 seconds.
  path: Assets/Scenes/CarTrain2.unity
  artifactKey: Guid(1e9ab93bca680f64eb45fd43572f3c9b) Importer(815301076,1909f56bfc062723c751e8b465ee728b)
Start importing Assets/Scenes/CarTrain2.unity using Guid(1e9ab93bca680f64eb45fd43572f3c9b) Importer(815301076,1909f56bfc062723c751e8b465ee728b)  -> (artifact id: '25a510a4092074dfbe53a1cf503d5d90') in 0.003012 seconds
  Import took 0.005353 seconds .

========================================================================
Received Prepare
Registering precompiled user dll's ...
Registered in 0.003613 seconds.
Begin MonoManager ReloadAssembly
Native extension for WindowsStandalone target not found
Refreshing native plugins compatible for Editor in 0.34 ms, found 1 plugins.
Preloading 0 native plugins for Editor in 0.00 ms.
Invoked RoslynAnalysisRunner static constructor.
RoslynAnalysisRunner will not be running.
RoslynAnalysisRunner has terminated.
Mono: successfully reloaded assembly
- Completed reload, in  0.823 seconds
Platform modules already initialized, skipping
Refreshing native plugins compatible for Editor in 0.31 ms, found 1 plugins.
Preloading 0 native plugins for Editor in 0.00 ms.
Unloading 1527 Unused Serialized files (Serialized files now loaded: 0)
System memory in use before: 82.1 MB.
System memory in use after: 82.2 MB.

Unloading 17 unused Assets to reduce memory usage. Loaded Objects now: 2038.
Total: 2.272200 ms (FindLiveObjects: 0.157300 ms CreateObjectMapping: 0.041200 ms MarkObjects: 2.055500 ms  DeleteObjects: 0.017400 ms)

========================================================================
Received Import Request.
  Time since last request: 55.663866 seconds.
  path: Assets/Prefabs/CarPrefabV2.prefab
  artifactKey: Guid(df8b8d42e388c084da72857da31581a8) Importer(815301076,1909f56bfc062723c751e8b465ee728b)
Start importing Assets/Prefabs/CarPrefabV2.prefab using Guid(df8b8d42e388c084da72857da31581a8) Importer(815301076,1909f56bfc062723c751e8b465ee728b)  -> (artifact id: 'e7253fb37fb11c11b0f10cc51044d587') in 0.057675 seconds
  Import took 0.060400 seconds .

========================================================================
Received Import Request.
  Time since last request: 0.000291 seconds.
  path: Assets/Prefabs/TrainingInstance2.prefab
  artifactKey: Guid(0c1981419fd88654584491656c00784f) Importer(815301076,1909f56bfc062723c751e8b465ee728b)
Start importing Assets/Prefabs/TrainingInstance2.prefab using Guid(0c1981419fd88654584491656c00784f) Importer(815301076,1909f56bfc062723c751e8b465ee728b)  -> (artifact id: '24ca86b18654c9cab38ccd2990a2818a') in 0.017966 seconds
  Import took 0.020941 seconds .

========================================================================
Received Prepare
Registering precompiled user dll's ...
Registered in 0.003697 seconds.
Begin MonoManager ReloadAssembly
Native extension for WindowsStandalone target not found
Refreshing native plugins compatible for Editor in 0.34 ms, found 1 plugins.
Preloading 0 native plugins for Editor in 0.00 ms.
Invoked RoslynAnalysisRunner static constructor.
RoslynAnalysisRunner will not be running.
RoslynAnalysisRunner has terminated.
Mono: successfully reloaded assembly
- Completed reload, in  0.845 seconds
Platform modules already initialized, skipping
Refreshing native plugins compatible for Editor in 0.38 ms, found 1 plugins.
Preloading 0 native plugins for Editor in 0.00 ms.
Unloading 1527 Unused Serialized files (Serialized files now loaded: 0)
System memory in use before: 82.4 MB.
System memory in use after: 82.5 MB.

Unloading 17 unused Assets to reduce memory usage. Loaded Objects now: 2041.
Total: 2.256500 ms (FindLiveObjects: 0.169400 ms CreateObjectMapping: 0.054900 ms MarkObjects: 2.008100 ms  DeleteObjects: 0.023200 ms)

========================================================================
Received Import Request.
  Time since last request: 3485.288046 seconds.
  path: Assets/Scenes/CarTest2.unity
  artifactKey: Guid(8f128ead1b3de7a4296fb9da348e47d6) Importer(815301076,1909f56bfc062723c751e8b465ee728b)
Start importing Assets/Scenes/CarTest2.unity using Guid(8f128ead1b3de7a4296fb9da348e47d6) Importer(815301076,1909f56bfc062723c751e8b465ee728b)  -> (artifact id: 'a5ddf29f8db66a63a9cd2fd4fac607ac') in 0.017780 seconds
  Import took 0.021067 seconds .

========================================================================
Received Import Request.
  Time since last request: 76.807466 seconds.
  path: Assets/NNModels/CarDrive2.onnx
  artifactKey: Guid(bf310b9ab2509c44fbc6d13b7fe4a87e) Importer(815301076,1909f56bfc062723c751e8b465ee728b)
Start importing Assets/NNModels/CarDrive2.onnx using Guid(bf310b9ab2509c44fbc6d13b7fe4a87e) Importer(815301076,1909f56bfc062723c751e8b465ee728b) NullReferenceException
  at (wrapper managed-to-native) UnityEditor.EditorUtility.CopySerialized(UnityEngine.Object,UnityEngine.Object)
  at Unity.Barracuda.NNModelEditor.RenderStaticPreview (System.String assetPath, UnityEngine.Object[] subAssets, System.Int32 width, System.Int32 height) [0x00009] in C:\Users\sahil\source\repos\cAr-drIve\Library\PackageCache\com.unity.barracuda@1.0.4\Barracuda\Editor\ONNXModelImporterEditor.cs:85 
  at UnityEditor.AssetPreviewUpdater.CreatePreviewForAsset (UnityEngine.Object obj, UnityEngine.Object[] subAssets, System.String assetPath) [0x0008a] in <1e441e8684a14fe4b8f8a926d91afc3a>:0 

(Filename: Library/PackageCache/com.unity.barracuda@1.0.4/Barracuda/Editor/ONNXModelImporterEditor.cs Line: 85)

 -> (artifact id: '3c2282c2dc50b0cd616382482ba4f627') in 0.042586 seconds
  Import took 0.045060 seconds .

========================================================================
Received Prepare
Registering precompiled user dll's ...
Registered in 0.003598 seconds.
Begin MonoManager ReloadAssembly
Native extension for WindowsStandalone target not found
Refreshing native plugins compatible for Editor in 0.31 ms, found 1 plugins.
Preloading 0 native plugins for Editor in 0.00 ms.
Invoked RoslynAnalysisRunner static constructor.
RoslynAnalysisRunner will not be running.
RoslynAnalysisRunner has terminated.
Mono: successfully reloaded assembly
- Completed reload, in  0.792 seconds
Platform modules already initialized, skipping
Refreshing native plugins compatible for Editor in 0.30 ms, found 1 plugins.
Preloading 0 native plugins for Editor in 0.00 ms.
Unloading 1527 Unused Serialized files (Serialized files now loaded: 0)
System memory in use before: 82.7 MB.
System memory in use after: 82.8 MB.

Unloading 17 unused Assets to reduce memory usage. Loaded Objects now: 2045.
Total: 1.985000 ms (FindLiveObjects: 0.171300 ms CreateObjectMapping: 0.048900 ms MarkObjects: 1.746000 ms  DeleteObjects: 0.018100 ms)

AssetImportWorkerClient::OnTransportError - code=2 error=End of file
